#
# There is insufficient memory for the Java Runtime Environment to continue.
# Native memory allocation (mmap) failed to map 65536 bytes for Failed to commit metaspace.
# Possible reasons:
#   The system is out of physical RAM or swap space
#   The process is running with CompressedOops enabled, and the Java Heap may be blocking the growth of the native heap
# Possible solutions:
#   Reduce memory load on the system
#   Increase physical memory or swap space
#   Check if swap backing store is full
#   Decrease Java heap size (-Xmx/-Xms)
#   Decrease number of Java threads
#   Decrease Java thread stack sizes (-Xss)
#   Set larger code cache with -XX:ReservedCodeCacheSize=
#   JVM is running with Unscaled Compressed Oops mode in which the Java heap is
#     placed in the first 4GB address space. The Java Heap base address is the
#     maximum limit for the native heap growth. Please use -XX:HeapBaseMinAddress
#     to set the Java Heap base and to place the Java Heap above 4GB virtual address.
# This output file may be truncated or incomplete.
#
#  Out of Memory Error (virtualSpaceNode.cpp:110), pid=19144, tid=28076
#
# JRE version: Java(TM) SE Runtime Environment (19.0.1+10) (build 19.0.1+10-21)
# Java VM: Java HotSpot(TM) 64-Bit Server VM (19.0.1+10-21, mixed mode, tiered, compressed oops, compressed class ptrs, g1 gc, windows-amd64)
# No core dump will be written. Minidumps are not enabled by default on client versions of Windows
#

---------------  S U M M A R Y ------------

Command Line: -Dfile.encoding=UTF-8 --module-path=C:\Users\Home\Documents\NetBeansProjects\Hotel Management System\build\classes hotel.management.system.AddRoom

Host: Intel(R) Core(TM) i5-10210U CPU @ 1.60GHz, 8 cores, 7G,  Windows 11 , 64 bit Build 22621 (10.0.22621.1928)
Time: Mon Aug 21 19:41:10 2023 India Standard Time elapsed time: 0.074429 seconds (0d 0h 0m 0s)

---------------  T H R E A D  ---------------

Current thread (0x00000183adc17b90):  JavaThread "main" [_thread_in_vm, id=28076, stack(0x0000006a4e900000,0x0000006a4ea00000)]

Stack: [0x0000006a4e900000,0x0000006a4ea00000]
Native frames: (J=compiled Java code, j=interpreted, Vv=VM code, C=native code)
V  [jvm.dll+0x6ee8fa]
V  [jvm.dll+0x857a1e]
V  [jvm.dll+0x85940e]
V  [jvm.dll+0x859ac3]
V  [jvm.dll+0x28291f]
V  [jvm.dll+0x85369b]
V  [jvm.dll+0x693276]
V  [jvm.dll+0x6932da]
V  [jvm.dll+0x695bd3]
V  [jvm.dll+0x695a9e]
V  [jvm.dll+0x693c9e]
V  [jvm.dll+0x26f4e1]
V  [jvm.dll+0x21e927]
V  [jvm.dll+0x214571]
V  [jvm.dll+0x5aa2d6]
V  [jvm.dll+0x22567a]
V  [jvm.dll+0x7ccb72]
V  [jvm.dll+0x7cdfba]
V  [jvm.dll+0x7ce2e8]
V  [jvm.dll+0x271d6b]
V  [jvm.dll+0x3da3de]
C  0x00000183bd0dd194

Java frames: (J=compiled Java code, j=interpreted, Vv=VM code)
j  java.util.Spliterators.spliterator(Ljava/util/Collection;I)Ljava/util/Spliterator;+0 java.base@19.0.1
j  java.util.Set.spliterator()Ljava/util/Spliterator;+2 java.base@19.0.1
j  java.util.Collection.stream()Ljava/util/stream/Stream;+1 java.base@19.0.1
j  jdk.internal.module.DefaultRoots.compute(Ljava/lang/module/ModuleFinder;Ljava/lang/module/ModuleFinder;)Ljava/util/Set;+6 java.base@19.0.1
j  jdk.internal.module.ModuleBootstrap.boot2()Ljava/lang/ModuleLayer;+727 java.base@19.0.1
j  jdk.internal.module.ModuleBootstrap.boot()Ljava/lang/ModuleLayer;+64 java.base@19.0.1
j  java.lang.System.initPhase2(ZZ)I+0 java.base@19.0.1
v  ~StubRoutines::call_stub 0x00000183bd0b100e

---------------  P R O C E S S  ---------------

Threads class SMR info:
_java_thread_list=0x00000183d0495f40, length=10, elements={
0x00000183adc17b90, 0x00000183cc3bd820, 0x00000183cc3be4f0, 0x00000183d0454720,
0x00000183d0441020, 0x00000183d0442310, 0x00000183d0491f30, 0x00000183d0443110,
0x00000183d0495910, 0x00000183d04966a0
}

Java Threads: ( => current thread )
=>0x00000183adc17b90 JavaThread "main" [_thread_in_vm, id=28076, stack(0x0000006a4e900000,0x0000006a4ea00000)]
  0x00000183cc3bd820 JavaThread "Reference Handler" daemon [_thread_blocked, id=27112, stack(0x0000006a4f000000,0x0000006a4f100000)]
  0x00000183cc3be4f0 JavaThread "Finalizer" daemon [_thread_blocked, id=27776, stack(0x0000006a4f100000,0x0000006a4f200000)]
  0x00000183d0454720 JavaThread "Signal Dispatcher" daemon [_thread_blocked, id=24832, stack(0x0000006a4f200000,0x0000006a4f300000)]
  0x00000183d0441020 JavaThread "Attach Listener" daemon [_thread_blocked, id=26136, stack(0x0000006a4f300000,0x0000006a4f400000)]
  0x00000183d0442310 JavaThread "Service Thread" daemon [_thread_blocked, id=3856, stack(0x0000006a4f400000,0x0000006a4f500000)]
  0x00000183d0491f30 JavaThread "Monitor Deflation Thread" daemon [_thread_blocked, id=27124, stack(0x0000006a4f500000,0x0000006a4f600000)]
  0x00000183d0443110 JavaThread "C2 CompilerThread0" daemon [_thread_blocked, id=26612, stack(0x0000006a4f600000,0x0000006a4f700000)]
  0x00000183d0495910 JavaThread "C1 CompilerThread0" daemon [_thread_blocked, id=24788, stack(0x0000006a4f700000,0x0000006a4f800000)]
  0x00000183d04966a0 JavaThread "Sweeper thread" daemon [_thread_blocked, id=25996, stack(0x0000006a4f800000,0x0000006a4f900000)]

Other Threads:
  0x00000183cc363cf0 VMThread "VM Thread" [stack: 0x0000006a4ef00000,0x0000006a4f000000] [id=26892]
  0x00000183adc77a70 WorkerThread "GC Thread#0" [stack: 0x0000006a4ea00000,0x0000006a4eb00000] [id=11984]
  0x00000183adc884d0 ConcurrentGCThread "G1 Main Marker" [stack: 0x0000006a4eb00000,0x0000006a4ec00000] [id=24428]
  0x00000183adc89200 WorkerThread "G1 Conc#0" [stack: 0x0000006a4ec00000,0x0000006a4ed00000] [id=28052]
  0x00000183adcdeac0 ConcurrentGCThread "G1 Refine#0" [stack: 0x0000006a4ed00000,0x0000006a4ee00000] [id=27252]
  0x00000183cc201790 ConcurrentGCThread "G1 Service" [stack: 0x0000006a4ee00000,0x0000006a4ef00000] [id=24688]

Threads with active compile tasks:

VM state: not at safepoint (normal execution)

VM Mutex/Monitor currently owned by a thread:  ([mutex/lock_event])
[0x00000183adc10f80] Metaspace_lock - owner thread: 0x00000183adc17b90

Heap address: 0x0000000082800000, size: 2008 MB, Compressed Oops mode: 32-bit

CDS archive(s) not mapped
Compressed class space mapped at: 0x0000000100000000-0x0000000140000000, reserved size: 1073741824
Narrow klass base: 0x0000000000000000, Narrow klass shift: 3, Narrow klass range: 0x140000000

GC Precious Log:
 CardTable entry size: 512
 Card Set container configuration: InlinePtr #cards 5 size 8 Array Of Cards #cards 12 size 40 Howl #buckets 4 coarsen threshold 1843 Howl Bitmap #cards 512 size 80 coarsen threshold 460 Card regions per heap region 1 cards per card region 2048
 CPUs: 8 total, 8 available
 Memory: 8027M
 Large Page Support: Disabled
 NUMA Support: Disabled
 Compressed Oops: Enabled (32-bit)
 Heap Region Size: 1M
 Heap Min Capacity: 8M
 Heap Initial Capacity: 126M
 Heap Max Capacity: 2008M
 Pre-touch: Disabled
 Parallel Workers: 8
 Concurrent Workers: 2
 Concurrent Refinement Workers: 8
 Periodic GC: Disabled

Heap:
 garbage-first heap   total 129024K, used 0K [0x0000000082800000, 0x0000000100000000)
  region size 1024K, 1 young (1024K), 0 survivors (0K)
 Metaspace       used 4085K, committed 4096K, reserved 1114112K
  class space    used 310K, committed 320K, reserved 1048576K

Heap Regions: E=young(eden), S=young(survivor), O=old, HS=humongous(starts), HC=humongous(continues), CS=collection set, F=free, OA=open archive, CA=closed archive, TAMS=top-at-mark-start (previous, next)
|   0|0x0000000082800000, 0x0000000082800000, 0x0000000082900000|  0%| F|  |TAMS 0x0000000082800000, 0x0000000082800000| Untracked 
|   1|0x0000000082900000, 0x0000000082900000, 0x0000000082a00000|  0%| F|  |TAMS 0x0000000082900000, 0x0000000082900000| Untracked 
|   2|0x0000000082a00000, 0x0000000082a00000, 0x0000000082b00000|  0%| F|  |TAMS 0x0000000082a00000, 0x0000000082a00000| Untracked 
|   3|0x0000000082b00000, 0x0000000082b00000, 0x0000000082c00000|  0%| F|  |TAMS 0x0000000082b00000, 0x0000000082b00000| Untracked 
|   4|0x0000000082c00000, 0x0000000082c00000, 0x0000000082d00000|  0%| F|  |TAMS 0x0000000082c00000, 0x0000000082c00000| Untracked 
|   5|0x0000000082d00000, 0x0000000082d00000, 0x0000000082e00000|  0%| F|  |TAMS 0x0000000082d00000, 0x0000000082d00000| Untracked 
|   6|0x0000000082e00000, 0x0000000082e00000, 0x0000000082f00000|  0%| F|  |TAMS 0x0000000082e00000, 0x0000000082e00000| Untracked 
|   7|0x0000000082f00000, 0x0000000082f00000, 0x0000000083000000|  0%| F|  |TAMS 0x0000000082f00000, 0x0000000082f00000| Untracked 
|   8|0x0000000083000000, 0x0000000083000000, 0x0000000083100000|  0%| F|  |TAMS 0x0000000083000000, 0x0000000083000000| Untracked 
|   9|0x0000000083100000, 0x0000000083100000, 0x0000000083200000|  0%| F|  |TAMS 0x0000000083100000, 0x0000000083100000| Untracked 
|  10|0x0000000083200000, 0x0000000083200000, 0x0000000083300000|  0%| F|  |TAMS 0x0000000083200000, 0x0000000083200000| Untracked 
|  11|0x0000000083300000, 0x0000000083300000, 0x0000000083400000|  0%| F|  |TAMS 0x0000000083300000, 0x0000000083300000| Untracked 
|  12|0x0000000083400000, 0x0000000083400000, 0x0000000083500000|  0%| F|  |TAMS 0x0000000083400000, 0x0000000083400000| Untracked 
|  13|0x0000000083500000, 0x0000000083500000, 0x0000000083600000|  0%| F|  |TAMS 0x0000000083500000, 0x0000000083500000| Untracked 
|  14|0x0000000083600000, 0x0000000083600000, 0x0000000083700000|  0%| F|  |TAMS 0x0000000083600000, 0x0000000083600000| Untracked 
|  15|0x0000000083700000, 0x0000000083700000, 0x0000000083800000|  0%| F|  |TAMS 0x0000000083700000, 0x0000000083700000| Untracked 
|  16|0x0000000083800000, 0x0000000083800000, 0x0000000083900000|  0%| F|  |TAMS 0x0000000083800000, 0x0000000083800000| Untracked 
|  17|0x0000000083900000, 0x0000000083900000, 0x0000000083a00000|  0%| F|  |TAMS 0x0000000083900000, 0x0000000083900000| Untracked 
|  18|0x0000000083a00000, 0x0000000083a00000, 0x0000000083b00000|  0%| F|  |TAMS 0x0000000083a00000, 0x0000000083a00000| Untracked 
|  19|0x0000000083b00000, 0x0000000083b00000, 0x0000000083c00000|  0%| F|  |TAMS 0x0000000083b00000, 0x0000000083b00000| Untracked 
|  20|0x0000000083c00000, 0x0000000083c00000, 0x0000000083d00000|  0%| F|  |TAMS 0x0000000083c00000, 0x0000000083c00000| Untracked 
|  21|0x0000000083d00000, 0x0000000083d00000, 0x0000000083e00000|  0%| F|  |TAMS 0x0000000083d00000, 0x0000000083d00000| Untracked 
|  22|0x0000000083e00000, 0x0000000083e00000, 0x0000000083f00000|  0%| F|  |TAMS 0x0000000083e00000, 0x0000000083e00000| Untracked 
|  23|0x0000000083f00000, 0x0000000083f00000, 0x0000000084000000|  0%| F|  |TAMS 0x0000000083f00000, 0x0000000083f00000| Untracked 
|  24|0x0000000084000000, 0x0000000084000000, 0x0000000084100000|  0%| F|  |TAMS 0x0000000084000000, 0x0000000084000000| Untracked 
|  25|0x0000000084100000, 0x0000000084100000, 0x0000000084200000|  0%| F|  |TAMS 0x0000000084100000, 0x0000000084100000| Untracked 
|  26|0x0000000084200000, 0x0000000084200000, 0x0000000084300000|  0%| F|  |TAMS 0x0000000084200000, 0x0000000084200000| Untracked 
|  27|0x0000000084300000, 0x0000000084300000, 0x0000000084400000|  0%| F|  |TAMS 0x0000000084300000, 0x0000000084300000| Untracked 
|  28|0x0000000084400000, 0x0000000084400000, 0x0000000084500000|  0%| F|  |TAMS 0x0000000084400000, 0x0000000084400000| Untracked 
|  29|0x0000000084500000, 0x0000000084500000, 0x0000000084600000|  0%| F|  |TAMS 0x0000000084500000, 0x0000000084500000| Untracked 
|  30|0x0000000084600000, 0x0000000084600000, 0x0000000084700000|  0%| F|  |TAMS 0x0000000084600000, 0x0000000084600000| Untracked 
|  31|0x0000000084700000, 0x0000000084700000, 0x0000000084800000|  0%| F|  |TAMS 0x0000000084700000, 0x0000000084700000| Untracked 
|  32|0x0000000084800000, 0x0000000084800000, 0x0000000084900000|  0%| F|  |TAMS 0x0000000084800000, 0x0000000084800000| Untracked 
|  33|0x0000000084900000, 0x0000000084900000, 0x0000000084a00000|  0%| F|  |TAMS 0x0000000084900000, 0x0000000084900000| Untracked 
|  34|0x0000000084a00000, 0x0000000084a00000, 0x0000000084b00000|  0%| F|  |TAMS 0x0000000084a00000, 0x0000000084a00000| Untracked 
|  35|0x0000000084b00000, 0x0000000084b00000, 0x0000000084c00000|  0%| F|  |TAMS 0x0000000084b00000, 0x0000000084b00000| Untracked 
|  36|0x0000000084c00000, 0x0000000084c00000, 0x0000000084d00000|  0%| F|  |TAMS 0x0000000084c00000, 0x0000000084c00000| Untracked 
|  37|0x0000000084d00000, 0x0000000084d00000, 0x0000000084e00000|  0%| F|  |TAMS 0x0000000084d00000, 0x0000000084d00000| Untracked 
|  38|0x0000000084e00000, 0x0000000084e00000, 0x0000000084f00000|  0%| F|  |TAMS 0x0000000084e00000, 0x0000000084e00000| Untracked 
|  39|0x0000000084f00000, 0x0000000084f00000, 0x0000000085000000|  0%| F|  |TAMS 0x0000000084f00000, 0x0000000084f00000| Untracked 
|  40|0x0000000085000000, 0x0000000085000000, 0x0000000085100000|  0%| F|  |TAMS 0x0000000085000000, 0x0000000085000000| Untracked 
|  41|0x0000000085100000, 0x0000000085100000, 0x0000000085200000|  0%| F|  |TAMS 0x0000000085100000, 0x0000000085100000| Untracked 
|  42|0x0000000085200000, 0x0000000085200000, 0x0000000085300000|  0%| F|  |TAMS 0x0000000085200000, 0x0000000085200000| Untracked 
|  43|0x0000000085300000, 0x0000000085300000, 0x0000000085400000|  0%| F|  |TAMS 0x0000000085300000, 0x0000000085300000| Untracked 
|  44|0x0000000085400000, 0x0000000085400000, 0x0000000085500000|  0%| F|  |TAMS 0x0000000085400000, 0x0000000085400000| Untracked 
|  45|0x0000000085500000, 0x0000000085500000, 0x0000000085600000|  0%| F|  |TAMS 0x0000000085500000, 0x0000000085500000| Untracked 
|  46|0x0000000085600000, 0x0000000085600000, 0x0000000085700000|  0%| F|  |TAMS 0x0000000085600000, 0x0000000085600000| Untracked 
|  47|0x0000000085700000, 0x0000000085700000, 0x0000000085800000|  0%| F|  |TAMS 0x0000000085700000, 0x0000000085700000| Untracked 
|  48|0x0000000085800000, 0x0000000085800000, 0x0000000085900000|  0%| F|  |TAMS 0x0000000085800000, 0x0000000085800000| Untracked 
|  49|0x0000000085900000, 0x0000000085900000, 0x0000000085a00000|  0%| F|  |TAMS 0x0000000085900000, 0x0000000085900000| Untracked 
|  50|0x0000000085a00000, 0x0000000085a00000, 0x0000000085b00000|  0%| F|  |TAMS 0x0000000085a00000, 0x0000000085a00000| Untracked 
|  51|0x0000000085b00000, 0x0000000085b00000, 0x0000000085c00000|  0%| F|  |TAMS 0x0000000085b00000, 0x0000000085b00000| Untracked 
|  52|0x0000000085c00000, 0x0000000085c00000, 0x0000000085d00000|  0%| F|  |TAMS 0x0000000085c00000, 0x0000000085c00000| Untracked 
|  53|0x0000000085d00000, 0x0000000085d00000, 0x0000000085e00000|  0%| F|  |TAMS 0x0000000085d00000, 0x0000000085d00000| Untracked 
|  54|0x0000000085e00000, 0x0000000085e00000, 0x0000000085f00000|  0%| F|  |TAMS 0x0000000085e00000, 0x0000000085e00000| Untracked 
|  55|0x0000000085f00000, 0x0000000085f00000, 0x0000000086000000|  0%| F|  |TAMS 0x0000000085f00000, 0x0000000085f00000| Untracked 
|  56|0x0000000086000000, 0x0000000086000000, 0x0000000086100000|  0%| F|  |TAMS 0x0000000086000000, 0x0000000086000000| Untracked 
|  57|0x0000000086100000, 0x0000000086100000, 0x0000000086200000|  0%| F|  |TAMS 0x0000000086100000, 0x0000000086100000| Untracked 
|  58|0x0000000086200000, 0x0000000086200000, 0x0000000086300000|  0%| F|  |TAMS 0x0000000086200000, 0x0000000086200000| Untracked 
|  59|0x0000000086300000, 0x0000000086300000, 0x0000000086400000|  0%| F|  |TAMS 0x0000000086300000, 0x0000000086300000| Untracked 
|  60|0x0000000086400000, 0x0000000086400000, 0x0000000086500000|  0%| F|  |TAMS 0x0000000086400000, 0x0000000086400000| Untracked 
|  61|0x0000000086500000, 0x0000000086500000, 0x0000000086600000|  0%| F|  |TAMS 0x0000000086500000, 0x0000000086500000| Untracked 
|  62|0x0000000086600000, 0x0000000086600000, 0x0000000086700000|  0%| F|  |TAMS 0x0000000086600000, 0x0000000086600000| Untracked 
|  63|0x0000000086700000, 0x0000000086700000, 0x0000000086800000|  0%| F|  |TAMS 0x0000000086700000, 0x0000000086700000| Untracked 
|  64|0x0000000086800000, 0x0000000086800000, 0x0000000086900000|  0%| F|  |TAMS 0x0000000086800000, 0x0000000086800000| Untracked 
|  65|0x0000000086900000, 0x0000000086900000, 0x0000000086a00000|  0%| F|  |TAMS 0x0000000086900000, 0x0000000086900000| Untracked 
|  66|0x0000000086a00000, 0x0000000086a00000, 0x0000000086b00000|  0%| F|  |TAMS 0x0000000086a00000, 0x0000000086a00000| Untracked 
|  67|0x0000000086b00000, 0x0000000086b00000, 0x0000000086c00000|  0%| F|  |TAMS 0x0000000086b00000, 0x0000000086b00000| Untracked 
|  68|0x0000000086c00000, 0x0000000086c00000, 0x0000000086d00000|  0%| F|  |TAMS 0x0000000086c00000, 0x0000000086c00000| Untracked 
|  69|0x0000000086d00000, 0x0000000086d00000, 0x0000000086e00000|  0%| F|  |TAMS 0x0000000086d00000, 0x0000000086d00000| Untracked 
|  70|0x0000000086e00000, 0x0000000086e00000, 0x0000000086f00000|  0%| F|  |TAMS 0x0000000086e00000, 0x0000000086e00000| Untracked 
|  71|0x0000000086f00000, 0x0000000086f00000, 0x0000000087000000|  0%| F|  |TAMS 0x0000000086f00000, 0x0000000086f00000| Untracked 
|  72|0x0000000087000000, 0x0000000087000000, 0x0000000087100000|  0%| F|  |TAMS 0x0000000087000000, 0x0000000087000000| Untracked 
|  73|0x0000000087100000, 0x0000000087100000, 0x0000000087200000|  0%| F|  |TAMS 0x0000000087100000, 0x0000000087100000| Untracked 
|  74|0x0000000087200000, 0x0000000087200000, 0x0000000087300000|  0%| F|  |TAMS 0x0000000087200000, 0x0000000087200000| Untracked 
|  75|0x0000000087300000, 0x0000000087300000, 0x0000000087400000|  0%| F|  |TAMS 0x0000000087300000, 0x0000000087300000| Untracked 
|  76|0x0000000087400000, 0x0000000087400000, 0x0000000087500000|  0%| F|  |TAMS 0x0000000087400000, 0x0000000087400000| Untracked 
|  77|0x0000000087500000, 0x0000000087500000, 0x0000000087600000|  0%| F|  |TAMS 0x0000000087500000, 0x0000000087500000| Untracked 
|  78|0x0000000087600000, 0x0000000087600000, 0x0000000087700000|  0%| F|  |TAMS 0x0000000087600000, 0x0000000087600000| Untracked 
|  79|0x0000000087700000, 0x0000000087700000, 0x0000000087800000|  0%| F|  |TAMS 0x0000000087700000, 0x0000000087700000| Untracked 
|  80|0x0000000087800000, 0x0000000087800000, 0x0000000087900000|  0%| F|  |TAMS 0x0000000087800000, 0x0000000087800000| Untracked 
|  81|0x0000000087900000, 0x0000000087900000, 0x0000000087a00000|  0%| F|  |TAMS 0x0000000087900000, 0x0000000087900000| Untracked 
|  82|0x0000000087a00000, 0x0000000087a00000, 0x0000000087b00000|  0%| F|  |TAMS 0x0000000087a00000, 0x0000000087a00000| Untracked 
|  83|0x0000000087b00000, 0x0000000087b00000, 0x0000000087c00000|  0%| F|  |TAMS 0x0000000087b00000, 0x0000000087b00000| Untracked 
|  84|0x0000000087c00000, 0x0000000087c00000, 0x0000000087d00000|  0%| F|  |TAMS 0x0000000087c00000, 0x0000000087c00000| Untracked 
|  85|0x0000000087d00000, 0x0000000087d00000, 0x0000000087e00000|  0%| F|  |TAMS 0x0000000087d00000, 0x0000000087d00000| Untracked 
|  86|0x0000000087e00000, 0x0000000087e00000, 0x0000000087f00000|  0%| F|  |TAMS 0x0000000087e00000, 0x0000000087e00000| Untracked 
|  87|0x0000000087f00000, 0x0000000087f00000, 0x0000000088000000|  0%| F|  |TAMS 0x0000000087f00000, 0x0000000087f00000| Untracked 
|  88|0x0000000088000000, 0x0000000088000000, 0x0000000088100000|  0%| F|  |TAMS 0x0000000088000000, 0x0000000088000000| Untracked 
|  89|0x0000000088100000, 0x0000000088100000, 0x0000000088200000|  0%| F|  |TAMS 0x0000000088100000, 0x0000000088100000| Untracked 
|  90|0x0000000088200000, 0x0000000088200000, 0x0000000088300000|  0%| F|  |TAMS 0x0000000088200000, 0x0000000088200000| Untracked 
|  91|0x0000000088300000, 0x0000000088300000, 0x0000000088400000|  0%| F|  |TAMS 0x0000000088300000, 0x0000000088300000| Untracked 
|  92|0x0000000088400000, 0x0000000088400000, 0x0000000088500000|  0%| F|  |TAMS 0x0000000088400000, 0x0000000088400000| Untracked 
|  93|0x0000000088500000, 0x0000000088500000, 0x0000000088600000|  0%| F|  |TAMS 0x0000000088500000, 0x0000000088500000| Untracked 
|  94|0x0000000088600000, 0x0000000088600000, 0x0000000088700000|  0%| F|  |TAMS 0x0000000088600000, 0x0000000088600000| Untracked 
|  95|0x0000000088700000, 0x0000000088700000, 0x0000000088800000|  0%| F|  |TAMS 0x0000000088700000, 0x0000000088700000| Untracked 
|  96|0x0000000088800000, 0x0000000088800000, 0x0000000088900000|  0%| F|  |TAMS 0x0000000088800000, 0x0000000088800000| Untracked 
|  97|0x0000000088900000, 0x0000000088900000, 0x0000000088a00000|  0%| F|  |TAMS 0x0000000088900000, 0x0000000088900000| Untracked 
|  98|0x0000000088a00000, 0x0000000088a00000, 0x0000000088b00000|  0%| F|  |TAMS 0x0000000088a00000, 0x0000000088a00000| Untracked 
|  99|0x0000000088b00000, 0x0000000088b00000, 0x0000000088c00000|  0%| F|  |TAMS 0x0000000088b00000, 0x0000000088b00000| Untracked 
| 100|0x0000000088c00000, 0x0000000088c00000, 0x0000000088d00000|  0%| F|  |TAMS 0x0000000088c00000, 0x0000000088c00000| Untracked 
| 101|0x0000000088d00000, 0x0000000088d00000, 0x0000000088e00000|  0%| F|  |TAMS 0x0000000088d00000, 0x0000000088d00000| Untracked 
| 102|0x0000000088e00000, 0x0000000088e00000, 0x0000000088f00000|  0%| F|  |TAMS 0x0000000088e00000, 0x0000000088e00000| Untracked 
| 103|0x0000000088f00000, 0x0000000088f00000, 0x0000000089000000|  0%| F|  |TAMS 0x0000000088f00000, 0x0000000088f00000| Untracked 
| 104|0x0000000089000000, 0x0000000089000000, 0x0000000089100000|  0%| F|  |TAMS 0x0000000089000000, 0x0000000089000000| Untracked 
| 105|0x0000000089100000, 0x0000000089100000, 0x0000000089200000|  0%| F|  |TAMS 0x0000000089100000, 0x0000000089100000| Untracked 
| 106|0x0000000089200000, 0x0000000089200000, 0x0000000089300000|  0%| F|  |TAMS 0x0000000089200000, 0x0000000089200000| Untracked 
| 107|0x0000000089300000, 0x0000000089300000, 0x0000000089400000|  0%| F|  |TAMS 0x0000000089300000, 0x0000000089300000| Untracked 
| 108|0x0000000089400000, 0x0000000089400000, 0x0000000089500000|  0%| F|  |TAMS 0x0000000089400000, 0x0000000089400000| Untracked 
| 109|0x0000000089500000, 0x0000000089500000, 0x0000000089600000|  0%| F|  |TAMS 0x0000000089500000, 0x0000000089500000| Untracked 
| 110|0x0000000089600000, 0x0000000089600000, 0x0000000089700000|  0%| F|  |TAMS 0x0000000089600000, 0x0000000089600000| Untracked 
| 111|0x0000000089700000, 0x0000000089700000, 0x0000000089800000|  0%| F|  |TAMS 0x0000000089700000, 0x0000000089700000| Untracked 
| 112|0x0000000089800000, 0x0000000089800000, 0x0000000089900000|  0%| F|  |TAMS 0x0000000089800000, 0x0000000089800000| Untracked 
| 113|0x0000000089900000, 0x0000000089900000, 0x0000000089a00000|  0%| F|  |TAMS 0x0000000089900000, 0x0000000089900000| Untracked 
| 114|0x0000000089a00000, 0x0000000089a00000, 0x0000000089b00000|  0%| F|  |TAMS 0x0000000089a00000, 0x0000000089a00000| Untracked 
| 115|0x0000000089b00000, 0x0000000089b00000, 0x0000000089c00000|  0%| F|  |TAMS 0x0000000089b00000, 0x0000000089b00000| Untracked 
| 116|0x0000000089c00000, 0x0000000089c00000, 0x0000000089d00000|  0%| F|  |TAMS 0x0000000089c00000, 0x0000000089c00000| Untracked 
| 117|0x0000000089d00000, 0x0000000089d00000, 0x0000000089e00000|  0%| F|  |TAMS 0x0000000089d00000, 0x0000000089d00000| Untracked 
| 118|0x0000000089e00000, 0x0000000089e00000, 0x0000000089f00000|  0%| F|  |TAMS 0x0000000089e00000, 0x0000000089e00000| Untracked 
| 119|0x0000000089f00000, 0x0000000089f00000, 0x000000008a000000|  0%| F|  |TAMS 0x0000000089f00000, 0x0000000089f00000| Untracked 
| 120|0x000000008a000000, 0x000000008a000000, 0x000000008a100000|  0%| F|  |TAMS 0x000000008a000000, 0x000000008a000000| Untracked 
| 121|0x000000008a100000, 0x000000008a100000, 0x000000008a200000|  0%| F|  |TAMS 0x000000008a100000, 0x000000008a100000| Untracked 
| 122|0x000000008a200000, 0x000000008a200000, 0x000000008a300000|  0%| F|  |TAMS 0x000000008a200000, 0x000000008a200000| Untracked 
| 123|0x000000008a300000, 0x000000008a300000, 0x000000008a400000|  0%| F|  |TAMS 0x000000008a300000, 0x000000008a300000| Untracked 
| 124|0x000000008a400000, 0x000000008a400000, 0x000000008a500000|  0%| F|  |TAMS 0x000000008a400000, 0x000000008a400000| Untracked 
| 125|0x000000008a500000, 0x000000008a600000, 0x000000008a600000|100%| E|  |TAMS 0x000000008a500000, 0x000000008a500000| Complete 

Card table byte_map: [0x00000183c52a0000,0x00000183c5690000] _byte_map_base: 0x00000183c4e8c000

Marking Bits (Prev, Next): (CMBitMap*) 0x00000183adc780a0, (CMBitMap*) 0x00000183adc780e0
 Prev Bits: [0x00000183c5a80000, 0x00000183c79e0000)
 Next Bits: [0x00000183c79e0000, 0x00000183c9940000)

Polling page: 0x00000183ad3e0000

Metaspace:

Usage:
  Non-class:      3.69 MB used.
      Class:    310.02 KB used.
       Both:      3.99 MB used.

Virtual space:
  Non-class space:       64.00 MB reserved,       3.69 MB (  6%) committed,  1 nodes.
      Class space:        1.00 GB reserved,     320.00 KB ( <1%) committed,  1 nodes.
             Both:        1.06 GB reserved,       4.00 MB ( <1%) committed. 

Chunk freelists:
   Non-Class:  0 bytes
       Class:  3.62 MB
        Both:  3.62 MB

MaxMetaspaceSize: unlimited
CompressedClassSpaceSize: 1.00 GB
Initial GC threshold: 21.00 MB
Current GC threshold: 21.00 MB
CDS: off
MetaspaceReclaimPolicy: balanced
 - commit_granule_bytes: 65536.
 - commit_granule_words: 8192.
 - virtual_space_node_default_size: 8388608.
 - enlarge_chunks_in_place: 1.
 - new_chunks_are_fully_committed: 0.
 - uncommit_free_chunks: 1.
 - use_allocation_guard: 0.


Internal statistics:

num_allocs_failed_limit: 0.
num_arena_births: 2.
num_arena_deaths: 0.
num_vsnodes_births: 2.
num_vsnodes_deaths: 0.
num_space_committed: 64.
num_space_uncommitted: 0.
num_chunks_returned_to_freelist: 0.
num_chunks_taken_from_freelist: 4.
num_chunk_merges: 0.
num_chunk_splits: 1.
num_chunks_enlarged: 0.
num_inconsistent_stats: 0.

CodeHeap 'non-profiled nmethods': size=120000Kb used=3Kb max_used=3Kb free=119996Kb
 bounds [0x00000183bd650000, 0x00000183bd8c0000, 0x00000183c4b80000]
CodeHeap 'profiled nmethods': size=120000Kb used=37Kb max_used=37Kb free=119962Kb
 bounds [0x00000183b5b80000, 0x00000183b5df0000, 0x00000183bd0b0000]
CodeHeap 'non-nmethods': size=5760Kb used=1124Kb max_used=1133Kb free=4635Kb
 bounds [0x00000183bd0b0000, 0x00000183bd320000, 0x00000183bd650000]
 total_blobs=329 nmethods=31 adapters=209
 compilation: enabled
              stopped_count=0, restarted_count=0
 full_count=0

Compilation events (20 events):
Event: 0.066 Thread 0x00000183d0495910 nmethod 23 0x00000183bd650010 code [0x00000183bd6501a0, 0x00000183bd650258]
Event: 0.066 Thread 0x00000183d0495910   25       3       java.net.URI::hash (33 bytes)
Event: 0.066 Thread 0x00000183d0443110 nmethod 12 0x00000183bd650310 code [0x00000183bd6504a0, 0x00000183bd650618]
Event: 0.066 Thread 0x00000183d0443110   13       4       java.lang.Object::<init> (1 bytes)
Event: 0.066 Thread 0x00000183d0495910 nmethod 25 0x00000183b5b87310 code [0x00000183b5b87520, 0x00000183b5b879b8]
Event: 0.066 Thread 0x00000183d0495910   24       1       java.lang.module.ModuleReference::descriptor (5 bytes)
Event: 0.066 Thread 0x00000183d0495910 nmethod 24 0x00000183bd650710 code [0x00000183bd6508a0, 0x00000183bd650958]
Event: 0.067 Thread 0x00000183d0443110 nmethod 13 0x00000183bd650a10 code [0x00000183bd650b80, 0x00000183bd650bf8]
Event: 0.068 Thread 0x00000183d0495910   26       3       java.lang.String::isEmpty (14 bytes)
Event: 0.069 Thread 0x00000183d0495910 nmethod 26 0x00000183b5b87b90 code [0x00000183b5b87d20, 0x00000183b5b87e98]
Event: 0.069 Thread 0x00000183d0495910   27       3       java.lang.StringLatin1::indexOfChar (33 bytes)
Event: 0.069 Thread 0x00000183d0495910 nmethod 27 0x00000183b5b87f90 code [0x00000183b5b88140, 0x00000183b5b88378]
Event: 0.071 Thread 0x00000183d0495910   28       3       java.util.ImmutableCollections$SetN$SetNIterator::hasNext (13 bytes)
Event: 0.071 Thread 0x00000183d0495910 nmethod 28 0x00000183b5b88490 code [0x00000183b5b88620, 0x00000183b5b88798]
Event: 0.071 Thread 0x00000183d0495910   29       3       java.util.concurrent.ConcurrentHashMap::tabAt (22 bytes)
Event: 0.071 Thread 0x00000183d0495910 nmethod 29 0x00000183b5b88810 code [0x00000183b5b889c0, 0x00000183b5b88c98]
Event: 0.071 Thread 0x00000183d0495910   31       3       java.util.ImmutableCollections$SetN$SetNIterator::next (90 bytes)
Event: 0.072 Thread 0x00000183d0495910 nmethod 31 0x00000183b5b88d90 code [0x00000183b5b88f60, 0x00000183b5b89268]
Event: 0.072 Thread 0x00000183d0495910   30       3       jdk.internal.misc.Unsafe::getReferenceAcquire (7 bytes)
Event: 0.072 Thread 0x00000183d0495910 nmethod 30 0x00000183b5b89410 code [0x00000183b5b895a0, 0x00000183b5b896f8]

GC Heap History (0 events):
No events

Dll operation events (2 events):
Event: 0.007 Loaded shared library C:\Program Files\Java\jdk-19\bin\java.dll
Event: 0.028 Loaded shared library C:\Program Files\Java\jdk-19\bin\jsvml.dll

Deoptimization events (0 events):
No events

Classes loaded (20 events):
Event: 0.072 Loading class java/util/Spliterator
Event: 0.072 Loading class java/util/Spliterator done
Event: 0.072 Loading class java/util/Spliterators$EmptySpliterator
Event: 0.072 Loading class java/util/Spliterators$EmptySpliterator done
Event: 0.072 Loading class java/util/Spliterators$EmptySpliterator$OfRef done
Event: 0.072 Loading class java/util/Spliterators$EmptySpliterator$OfInt
Event: 0.072 Loading class java/util/Spliterator$OfInt
Event: 0.072 Loading class java/util/Spliterator$OfPrimitive
Event: 0.072 Loading class java/util/Spliterator$OfPrimitive done
Event: 0.072 Loading class java/util/Spliterator$OfInt done
Event: 0.072 Loading class java/util/Spliterators$EmptySpliterator$OfInt done
Event: 0.072 Loading class java/util/Spliterators$EmptySpliterator$OfLong
Event: 0.072 Loading class java/util/Spliterator$OfLong
Event: 0.072 Loading class java/util/Spliterator$OfLong done
Event: 0.072 Loading class java/util/Spliterators$EmptySpliterator$OfLong done
Event: 0.072 Loading class java/util/Spliterators$EmptySpliterator$OfDouble
Event: 0.072 Loading class java/util/Spliterator$OfDouble
Event: 0.072 Loading class java/util/Spliterator$OfDouble done
Event: 0.072 Loading class java/util/Spliterators$EmptySpliterator$OfDouble done
Event: 0.072 Loading class java/util/Spliterators$IteratorSpliterator

Classes unloaded (0 events):
No events

Classes redefined (0 events):
No events

Internal exceptions (0 events):
No events

VM Operations (0 events):
No events

Events (10 events):
Event: 0.028 Thread 0x00000183adc17b90 Thread added: 0x00000183adc17b90
Event: 0.048 Thread 0x00000183cc3bd820 Thread added: 0x00000183cc3bd820
Event: 0.048 Thread 0x00000183cc3be4f0 Thread added: 0x00000183cc3be4f0
Event: 0.049 Thread 0x00000183d0454720 Thread added: 0x00000183d0454720
Event: 0.049 Thread 0x00000183d0441020 Thread added: 0x00000183d0441020
Event: 0.049 Thread 0x00000183d0442310 Thread added: 0x00000183d0442310
Event: 0.049 Thread 0x00000183d0491f30 Thread added: 0x00000183d0491f30
Event: 0.049 Thread 0x00000183d0443110 Thread added: 0x00000183d0443110
Event: 0.049 Thread 0x00000183d0495910 Thread added: 0x00000183d0495910
Event: 0.049 Thread 0x00000183d04966a0 Thread added: 0x00000183d04966a0


Dynamic libraries:
0x00007ff636860000 - 0x00007ff636870000 	C:\Program Files\Java\jdk-19\bin\java.exe
0x00007ff9b4110000 - 0x00007ff9b4324000 	C:\WINDOWS\SYSTEM32\ntdll.dll
0x00007ff9b2720000 - 0x00007ff9b27e2000 	C:\WINDOWS\System32\KERNEL32.DLL
0x00007ff9b1620000 - 0x00007ff9b19c3000 	C:\WINDOWS\System32\KERNELBASE.dll
0x00007ff9b1d20000 - 0x00007ff9b1e31000 	C:\WINDOWS\System32\ucrtbase.dll
0x00007ff9a5de0000 - 0x00007ff9a5dfb000 	C:\Program Files\Java\jdk-19\bin\VCRUNTIME140.dll
0x00007ff9ac4d0000 - 0x00007ff9ac4e8000 	C:\Program Files\Java\jdk-19\bin\jli.dll
0x00007ff9b3ef0000 - 0x00007ff9b3f9e000 	C:\WINDOWS\System32\ADVAPI32.dll
0x00007ff9b2400000 - 0x00007ff9b24a7000 	C:\WINDOWS\System32\msvcrt.dll
0x00007ff9b2340000 - 0x00007ff9b23e4000 	C:\WINDOWS\System32\sechost.dll
0x00007ff9b2080000 - 0x00007ff9b2197000 	C:\WINDOWS\System32\RPCRT4.dll
0x00007ff9b3680000 - 0x00007ff9b382a000 	C:\WINDOWS\System32\USER32.dll
0x00007ff9971f0000 - 0x00007ff99747e000 	C:\WINDOWS\WinSxS\amd64_microsoft.windows.common-controls_6595b64144ccf1df_6.0.22621.1635_none_270f70857386168e\COMCTL32.dll
0x00007ff9b1e40000 - 0x00007ff9b1e66000 	C:\WINDOWS\System32\win32u.dll
0x00007ff9b2050000 - 0x00007ff9b2079000 	C:\WINDOWS\System32\GDI32.dll
0x00007ff9b1c00000 - 0x00007ff9b1d19000 	C:\WINDOWS\System32\gdi32full.dll
0x00007ff9b1510000 - 0x00007ff9b15aa000 	C:\WINDOWS\System32\msvcp_win.dll
0x00007ff9a3820000 - 0x00007ff9a382a000 	C:\WINDOWS\SYSTEM32\VERSION.dll
0x00007ff9b26e0000 - 0x00007ff9b2711000 	C:\WINDOWS\System32\IMM32.DLL
0x00007ff9ac840000 - 0x00007ff9ac84c000 	C:\Program Files\Java\jdk-19\bin\vcruntime140_1.dll
0x00007ff9380e0000 - 0x00007ff93816e000 	C:\Program Files\Java\jdk-19\bin\msvcp140.dll
0x00007ff9383f0000 - 0x00007ff9390b0000 	C:\Program Files\Java\jdk-19\bin\server\jvm.dll
0x00007ff9aa850000 - 0x00007ff9aa884000 	C:\WINDOWS\SYSTEM32\WINMM.dll
0x00007ff98fae0000 - 0x00007ff98fae9000 	C:\WINDOWS\SYSTEM32\WSOCK32.dll
0x00007ff9b27f0000 - 0x00007ff9b2861000 	C:\WINDOWS\System32\WS2_32.dll
0x00007ff9b0550000 - 0x00007ff9b0568000 	C:\WINDOWS\SYSTEM32\kernel.appcore.dll
0x00007ff9a5dd0000 - 0x00007ff9a5dda000 	C:\Program Files\Java\jdk-19\bin\jimage.dll
0x00007ff9ac610000 - 0x00007ff9ac83e000 	C:\WINDOWS\SYSTEM32\DBGHELP.DLL
0x00007ff9b3b60000 - 0x00007ff9b3ee9000 	C:\WINDOWS\System32\combase.dll
0x00007ff9b2890000 - 0x00007ff9b2967000 	C:\WINDOWS\System32\OLEAUT32.dll
0x00007ff9ac5d0000 - 0x00007ff9ac602000 	C:\WINDOWS\SYSTEM32\dbgcore.DLL
0x00007ff9b1e70000 - 0x00007ff9b1eea000 	C:\WINDOWS\System32\bcryptPrimitives.dll
0x00007ff99ff50000 - 0x00007ff99ff76000 	C:\Program Files\Java\jdk-19\bin\java.dll
0x00007ff938310000 - 0x00007ff9383e7000 	C:\Program Files\Java\jdk-19\bin\jsvml.dll
0x00007ff9b29e0000 - 0x00007ff9b31d9000 	C:\WINDOWS\System32\SHELL32.dll
0x00007ff9af500000 - 0x00007ff9afdce000 	C:\WINDOWS\SYSTEM32\windows.storage.dll
0x00007ff9af3c0000 - 0x00007ff9af4fe000 	C:\WINDOWS\SYSTEM32\wintypes.dll
0x00007ff9b3a60000 - 0x00007ff9b3b51000 	C:\WINDOWS\System32\SHCORE.dll
0x00007ff9b2980000 - 0x00007ff9b29de000 	C:\WINDOWS\System32\shlwapi.dll
0x00007ff9b1440000 - 0x00007ff9b1466000 	C:\WINDOWS\SYSTEM32\profapi.dll

dbghelp: loaded successfully - version: 4.0.5 - missing functions: none
symbol engine: initialized successfully - sym options: 0x614 - pdb path: .;C:\Program Files\Java\jdk-19\bin;C:\WINDOWS\SYSTEM32;C:\WINDOWS\WinSxS\amd64_microsoft.windows.common-controls_6595b64144ccf1df_6.0.22621.1635_none_270f70857386168e;C:\Program Files\Java\jdk-19\bin\server

VM Arguments:
jvm_args: -Dfile.encoding=UTF-8 --module-path=C:\Users\Home\Documents\NetBeansProjects\Hotel Management System\build\classes 
java_command: hotel.management.system.AddRoom
java_class_path (initial): E:\Himanshu\terna\sem 6\miscellaneous\project2\mysql-connector-java-8.0.28.jar;C:\Users\Home\Documents\NetBeansProjects\Hotel Management System\build\classes
Launcher Type: SUN_STANDARD

[Global flags]
     intx CICompilerCount                          = 4                                         {product} {ergonomic}
     uint ConcGCThreads                            = 2                                         {product} {ergonomic}
     uint G1ConcRefinementThreads                  = 8                                         {product} {ergonomic}
   size_t G1HeapRegionSize                         = 1048576                                   {product} {ergonomic}
    uintx GCDrainStackTargetSize                   = 64                                        {product} {ergonomic}
   size_t InitialHeapSize                          = 132120576                                 {product} {ergonomic}
   size_t MarkStackSize                            = 4194304                                   {product} {ergonomic}
   size_t MaxHeapSize                              = 2105540608                                {product} {ergonomic}
   size_t MaxNewSize                               = 1262485504                                {product} {ergonomic}
   size_t MinHeapDeltaBytes                        = 1048576                                   {product} {ergonomic}
   size_t MinHeapSize                              = 8388608                                   {product} {ergonomic}
    uintx NonNMethodCodeHeapSize                   = 5839372                                {pd product} {ergonomic}
    uintx NonProfiledCodeHeapSize                  = 122909434                              {pd product} {ergonomic}
    uintx ProfiledCodeHeapSize                     = 122909434                              {pd product} {ergonomic}
    uintx ReservedCodeCacheSize                    = 251658240                              {pd product} {ergonomic}
     bool SegmentedCodeCache                       = true                                      {product} {ergonomic}
   size_t SoftMaxHeapSize                          = 2105540608                             {manageable} {ergonomic}
     bool UseCompressedClassPointers               = true                           {product lp64_product} {ergonomic}
     bool UseCompressedOops                        = true                           {product lp64_product} {ergonomic}
     bool UseG1GC                                  = true                                      {product} {ergonomic}
     bool UseLargePagesIndividualAllocation        = false                                  {pd product} {ergonomic}

Logging:
Log output configuration:
 #0: stdout all=warning uptime,level,tags foldmultilines=false
 #1: stderr all=off uptime,level,tags foldmultilines=false

Environment Variables:
PATH=C:\Program Files\Common Files\Oracle\Java\javapath;C:\Program Files (x86)\Common Files\Intel\Shared Libraries\redist\intel64\compiler;C:\WINDOWS\system32;C:\WINDOWS;C:\WINDOWS\System32\Wbem;C:\WINDOWS\System32\WindowsPowerShell\v1.0\;C:\WINDOWS\System32\OpenSSH\;C:\Program Files\Intel\WiFi\bin\;C:\Program Files\Common Files\Intel\WirelessCommon\;C:\Program Files\MySQL\MySQL Shell 8.0\bin\;C:\Users\Home\AppData\Local\Microsoft\WindowsApps;C:\Users\Home\AppData\Local\Programs\Microsoft VS Code\bin;
USERNAME=Home
OS=Windows_NT
PROCESSOR_IDENTIFIER=Intel64 Family 6 Model 142 Stepping 12, GenuineIntel
TMP=C:\Users\Home\AppData\Local\Temp
TEMP=C:\Users\Home\AppData\Local\Temp



---------------  S Y S T E M  ---------------

OS:
 Windows 11 , 64 bit Build 22621 (10.0.22621.1928)
OS uptime: 5 days 0:54 hours

CPU: total 8 (initial active 8) (4 cores per cpu, 2 threads per core) family 6 model 142 stepping 12 microcode 0xde, cx8, cmov, fxsr, ht, mmx, 3dnowpref, sse, sse2, sse3, ssse3, sse4.1, sse4.2, popcnt, lzcnt, tsc, tscinvbit, avx, avx2, aes, erms, clmul, bmi1, bmi2, adx, fma, vzeroupper, clflush, clflushopt, rdtscp

Memory: 4k page, system-wide physical 8027M (819M free)
TotalPageFile size 32603M (AvailPageFile size 3M)
current process WorkingSet (physical memory assigned to process): 26M, peak: 26M
current process commit charge ("private bytes"): 200M, peak: 204M

vm_info: Java HotSpot(TM) 64-Bit Server VM (19.0.1+10-21) for windows-amd64 JRE (19.0.1+10-21), built on 2022-09-14T12:45:06Z by "mach5one" with MS VC++ 17.1 (VS2022)

END.
