#
# There is insufficient memory for the Java Runtime Environment to continue.
# Native memory allocation (mmap) failed to map 65536 bytes for Failed to commit metaspace.
# Possible reasons:
#   The system is out of physical RAM or swap space
#   The process is running with CompressedOops enabled, and the Java Heap may be blocking the growth of the native heap
# Possible solutions:
#   Reduce memory load on the system
#   Increase physical memory or swap space
#   Check if swap backing store is full
#   Decrease Java heap size (-Xmx/-Xms)
#   Decrease number of Java threads
#   Decrease Java thread stack sizes (-Xss)
#   Set larger code cache with -XX:ReservedCodeCacheSize=
#   JVM is running with Unscaled Compressed Oops mode in which the Java heap is
#     placed in the first 4GB address space. The Java Heap base address is the
#     maximum limit for the native heap growth. Please use -XX:HeapBaseMinAddress
#     to set the Java Heap base and to place the Java Heap above 4GB virtual address.
# This output file may be truncated or incomplete.
#
#  Out of Memory Error (virtualSpaceNode.cpp:110), pid=28076, tid=28212
#
# JRE version: Java(TM) SE Runtime Environment (19.0.1+10) (build 19.0.1+10-21)
# Java VM: Java HotSpot(TM) 64-Bit Server VM (19.0.1+10-21, mixed mode, tiered, compressed oops, compressed class ptrs, g1 gc, windows-amd64)
# No core dump will be written. Minidumps are not enabled by default on client versions of Windows
#

---------------  S U M M A R Y ------------

Command Line: -Dfile.encoding=UTF-8 --module-path=C:\Users\Home\Documents\NetBeansProjects\Hotel Management System\build\classes hotel.management.system.AddRoom

Host: Intel(R) Core(TM) i5-10210U CPU @ 1.60GHz, 8 cores, 7G,  Windows 11 , 64 bit Build 22621 (10.0.22621.1928)
Time: Mon Aug 21 19:41:30 2023 India Standard Time elapsed time: 0.152786 seconds (0d 0h 0m 0s)

---------------  T H R E A D  ---------------

Current thread (0x000001ffd39e5ee0):  JavaThread "main" [_thread_in_vm, id=28212, stack(0x000000ee94c00000,0x000000ee94d00000)]

Stack: [0x000000ee94c00000,0x000000ee94d00000]
Native frames: (J=compiled Java code, j=interpreted, Vv=VM code, C=native code)
V  [jvm.dll+0x6ee8fa]
V  [jvm.dll+0x857a1e]
V  [jvm.dll+0x85940e]
V  [jvm.dll+0x859ac3]
V  [jvm.dll+0x28291f]
V  [jvm.dll+0x85369b]
V  [jvm.dll+0x693276]
V  [jvm.dll+0x1f29b7]
V  [jvm.dll+0x695cb2]
V  [jvm.dll+0x695a9e]
V  [jvm.dll+0x693c9e]
V  [jvm.dll+0x3c500f]
V  [jvm.dll+0x21608b]
V  [jvm.dll+0x5aa300]
V  [jvm.dll+0x7cd793]
V  [jvm.dll+0x7cd874]
V  [jvm.dll+0x46b0b4]
V  [jvm.dll+0x4706bf]
C  [java.dll+0x17ec]

Java frames: (J=compiled Java code, j=interpreted, Vv=VM code)
j  java.lang.ClassLoader.defineClass1(Ljava/lang/ClassLoader;Ljava/lang/String;[BIILjava/security/ProtectionDomain;Ljava/lang/String;)Ljava/lang/Class;+0 java.base@19.0.1
j  java.lang.ClassLoader.defineClass(Ljava/lang/String;[BIILjava/security/ProtectionDomain;)Ljava/lang/Class;+27 java.base@19.0.1
j  java.security.SecureClassLoader.defineClass(Ljava/lang/String;[BIILjava/security/CodeSource;)Ljava/lang/Class;+12 java.base@19.0.1
j  jdk.internal.loader.BuiltinClassLoader.defineClass(Ljava/lang/String;Ljdk/internal/loader/Resource;)Ljava/lang/Class;+117 java.base@19.0.1
j  jdk.internal.loader.BuiltinClassLoader.findClassOnClassPathOrNull(Ljava/lang/String;)Ljava/lang/Class;+37 java.base@19.0.1
j  jdk.internal.loader.BuiltinClassLoader.loadClassOrNull(Ljava/lang/String;Z)Ljava/lang/Class;+111 java.base@19.0.1
j  jdk.internal.loader.BuiltinClassLoader.loadClass(Ljava/lang/String;Z)Ljava/lang/Class;+3 java.base@19.0.1
j  jdk.internal.loader.ClassLoaders$AppClassLoader.loadClass(Ljava/lang/String;Z)Ljava/lang/Class;+36 java.base@19.0.1
j  java.lang.ClassLoader.loadClass(Ljava/lang/String;)Ljava/lang/Class;+3 java.base@19.0.1
v  ~StubRoutines::call_stub 0x000001ffe2e8100e
j  java.lang.Class.forName0(Ljava/lang/String;ZLjava/lang/ClassLoader;Ljava/lang/Class;)Ljava/lang/Class;+0 java.base@19.0.1
j  java.lang.Class.forName(Ljava/lang/String;ZLjava/lang/ClassLoader;Ljava/lang/Class;)Ljava/lang/Class;+37 java.base@19.0.1
j  java.lang.Class.forName(Ljava/lang/String;ZLjava/lang/ClassLoader;)Ljava/lang/Class;+20 java.base@19.0.1
j  sun.launcher.LauncherHelper.loadMainClass(ILjava/lang/String;)Ljava/lang/Class;+95 java.base@19.0.1
j  sun.launcher.LauncherHelper.checkAndLoadMain(ZILjava/lang/String;)Ljava/lang/Class;+42 java.base@19.0.1
v  ~StubRoutines::call_stub 0x000001ffe2e8100e

---------------  P R O C E S S  ---------------

Threads class SMR info:
_java_thread_list=0x000001ff842e9670, length=13, elements={
0x000001ffd39e5ee0, 0x000001fff218c760, 0x000001fff218d290, 0x000001ff8404e080,
0x000001ff840529d0, 0x000001ff84053300, 0x000001ff84053c30, 0x000001ff84054890,
0x000001ff8403f400, 0x000001ff84044ac0, 0x000001ff841ecf60, 0x000001ff84264f40,
0x000001ff843044f0
}

Java Threads: ( => current thread )
=>0x000001ffd39e5ee0 JavaThread "main" [_thread_in_vm, id=28212, stack(0x000000ee94c00000,0x000000ee94d00000)]
  0x000001fff218c760 JavaThread "Reference Handler" daemon [_thread_blocked, id=10324, stack(0x000000ee95300000,0x000000ee95400000)]
  0x000001fff218d290 JavaThread "Finalizer" daemon [_thread_blocked, id=27192, stack(0x000000ee95400000,0x000000ee95500000)]
  0x000001ff8404e080 JavaThread "Signal Dispatcher" daemon [_thread_blocked, id=27068, stack(0x000000ee95500000,0x000000ee95600000)]
  0x000001ff840529d0 JavaThread "Attach Listener" daemon [_thread_blocked, id=25072, stack(0x000000ee95600000,0x000000ee95700000)]
  0x000001ff84053300 JavaThread "Service Thread" daemon [_thread_blocked, id=26872, stack(0x000000ee95700000,0x000000ee95800000)]
  0x000001ff84053c30 JavaThread "Monitor Deflation Thread" daemon [_thread_blocked, id=22756, stack(0x000000ee95800000,0x000000ee95900000)]
  0x000001ff84054890 JavaThread "C2 CompilerThread0" daemon [_thread_blocked, id=28408, stack(0x000000ee95900000,0x000000ee95a00000)]
  0x000001ff8403f400 JavaThread "C1 CompilerThread0" daemon [_thread_blocked, id=1964, stack(0x000000ee95a00000,0x000000ee95b00000)]
  0x000001ff84044ac0 JavaThread "Sweeper thread" daemon [_thread_blocked, id=27740, stack(0x000000ee95b00000,0x000000ee95c00000)]
  0x000001ff841ecf60 JavaThread "Common-Cleaner" daemon [_thread_blocked, id=24356, stack(0x000000ee95c00000,0x000000ee95d00000)]
  0x000001ff84264f40 JavaThread "C2 CompilerThread1" daemon [_thread_blocked, id=19448, stack(0x000000ee95d00000,0x000000ee95e00000)]
  0x000001ff843044f0 JavaThread "Notification Thread" daemon [_thread_blocked, id=7508, stack(0x000000ee95e00000,0x000000ee95f00000)]

Other Threads:
  0x000001fff2136d40 VMThread "VM Thread" [stack: 0x000000ee95200000,0x000000ee95300000] [id=20448]
  0x000001ff84529dc0 WatcherThread "VM Periodic Task Thread" [stack: 0x000000ee95f00000,0x000000ee96000000] [id=27860]
  0x000001ffd3a45e90 WorkerThread "GC Thread#0" [stack: 0x000000ee94d00000,0x000000ee94e00000] [id=26240]
  0x000001ffd3a568f0 ConcurrentGCThread "G1 Main Marker" [stack: 0x000000ee94e00000,0x000000ee94f00000] [id=23316]
  0x000001ffd3a57620 WorkerThread "G1 Conc#0" [stack: 0x000000ee94f00000,0x000000ee95000000] [id=24952]
  0x000001ffd3aaeb00 ConcurrentGCThread "G1 Refine#0" [stack: 0x000000ee95000000,0x000000ee95100000] [id=28016]
  0x000001fff1fd2890 ConcurrentGCThread "G1 Service" [stack: 0x000000ee95100000,0x000000ee95200000] [id=28640]

Threads with active compile tasks:

VM state: not at safepoint (normal execution)

VM Mutex/Monitor currently owned by a thread:  ([mutex/lock_event])
[0x000001ffd39deda0] Metaspace_lock - owner thread: 0x000001ffd39e5ee0

Heap address: 0x0000000082800000, size: 2008 MB, Compressed Oops mode: 32-bit

CDS archive(s) not mapped
Compressed class space mapped at: 0x0000000100000000-0x0000000140000000, reserved size: 1073741824
Narrow klass base: 0x0000000000000000, Narrow klass shift: 3, Narrow klass range: 0x140000000

GC Precious Log:
 CardTable entry size: 512
 Card Set container configuration: InlinePtr #cards 5 size 8 Array Of Cards #cards 12 size 40 Howl #buckets 4 coarsen threshold 1843 Howl Bitmap #cards 512 size 80 coarsen threshold 460 Card regions per heap region 1 cards per card region 2048
 CPUs: 8 total, 8 available
 Memory: 8027M
 Large Page Support: Disabled
 NUMA Support: Disabled
 Compressed Oops: Enabled (32-bit)
 Heap Region Size: 1M
 Heap Min Capacity: 8M
 Heap Initial Capacity: 126M
 Heap Max Capacity: 2008M
 Pre-touch: Disabled
 Parallel Workers: 8
 Concurrent Workers: 2
 Concurrent Refinement Workers: 8
 Periodic GC: Disabled

Heap:
 garbage-first heap   total 129024K, used 2048K [0x0000000082800000, 0x0000000100000000)
  region size 1024K, 3 young (3072K), 0 survivors (0K)
 Metaspace       used 6909K, committed 6976K, reserved 1114112K
  class space    used 558K, committed 576K, reserved 1048576K

Heap Regions: E=young(eden), S=young(survivor), O=old, HS=humongous(starts), HC=humongous(continues), CS=collection set, F=free, OA=open archive, CA=closed archive, TAMS=top-at-mark-start (previous, next)
|   0|0x0000000082800000, 0x0000000082800000, 0x0000000082900000|  0%| F|  |TAMS 0x0000000082800000, 0x0000000082800000| Untracked 
|   1|0x0000000082900000, 0x0000000082900000, 0x0000000082a00000|  0%| F|  |TAMS 0x0000000082900000, 0x0000000082900000| Untracked 
|   2|0x0000000082a00000, 0x0000000082a00000, 0x0000000082b00000|  0%| F|  |TAMS 0x0000000082a00000, 0x0000000082a00000| Untracked 
|   3|0x0000000082b00000, 0x0000000082b00000, 0x0000000082c00000|  0%| F|  |TAMS 0x0000000082b00000, 0x0000000082b00000| Untracked 
|   4|0x0000000082c00000, 0x0000000082c00000, 0x0000000082d00000|  0%| F|  |TAMS 0x0000000082c00000, 0x0000000082c00000| Untracked 
|   5|0x0000000082d00000, 0x0000000082d00000, 0x0000000082e00000|  0%| F|  |TAMS 0x0000000082d00000, 0x0000000082d00000| Untracked 
|   6|0x0000000082e00000, 0x0000000082e00000, 0x0000000082f00000|  0%| F|  |TAMS 0x0000000082e00000, 0x0000000082e00000| Untracked 
|   7|0x0000000082f00000, 0x0000000082f00000, 0x0000000083000000|  0%| F|  |TAMS 0x0000000082f00000, 0x0000000082f00000| Untracked 
|   8|0x0000000083000000, 0x0000000083000000, 0x0000000083100000|  0%| F|  |TAMS 0x0000000083000000, 0x0000000083000000| Untracked 
|   9|0x0000000083100000, 0x0000000083100000, 0x0000000083200000|  0%| F|  |TAMS 0x0000000083100000, 0x0000000083100000| Untracked 
|  10|0x0000000083200000, 0x0000000083200000, 0x0000000083300000|  0%| F|  |TAMS 0x0000000083200000, 0x0000000083200000| Untracked 
|  11|0x0000000083300000, 0x0000000083300000, 0x0000000083400000|  0%| F|  |TAMS 0x0000000083300000, 0x0000000083300000| Untracked 
|  12|0x0000000083400000, 0x0000000083400000, 0x0000000083500000|  0%| F|  |TAMS 0x0000000083400000, 0x0000000083400000| Untracked 
|  13|0x0000000083500000, 0x0000000083500000, 0x0000000083600000|  0%| F|  |TAMS 0x0000000083500000, 0x0000000083500000| Untracked 
|  14|0x0000000083600000, 0x0000000083600000, 0x0000000083700000|  0%| F|  |TAMS 0x0000000083600000, 0x0000000083600000| Untracked 
|  15|0x0000000083700000, 0x0000000083700000, 0x0000000083800000|  0%| F|  |TAMS 0x0000000083700000, 0x0000000083700000| Untracked 
|  16|0x0000000083800000, 0x0000000083800000, 0x0000000083900000|  0%| F|  |TAMS 0x0000000083800000, 0x0000000083800000| Untracked 
|  17|0x0000000083900000, 0x0000000083900000, 0x0000000083a00000|  0%| F|  |TAMS 0x0000000083900000, 0x0000000083900000| Untracked 
|  18|0x0000000083a00000, 0x0000000083a00000, 0x0000000083b00000|  0%| F|  |TAMS 0x0000000083a00000, 0x0000000083a00000| Untracked 
|  19|0x0000000083b00000, 0x0000000083b00000, 0x0000000083c00000|  0%| F|  |TAMS 0x0000000083b00000, 0x0000000083b00000| Untracked 
|  20|0x0000000083c00000, 0x0000000083c00000, 0x0000000083d00000|  0%| F|  |TAMS 0x0000000083c00000, 0x0000000083c00000| Untracked 
|  21|0x0000000083d00000, 0x0000000083d00000, 0x0000000083e00000|  0%| F|  |TAMS 0x0000000083d00000, 0x0000000083d00000| Untracked 
|  22|0x0000000083e00000, 0x0000000083e00000, 0x0000000083f00000|  0%| F|  |TAMS 0x0000000083e00000, 0x0000000083e00000| Untracked 
|  23|0x0000000083f00000, 0x0000000083f00000, 0x0000000084000000|  0%| F|  |TAMS 0x0000000083f00000, 0x0000000083f00000| Untracked 
|  24|0x0000000084000000, 0x0000000084000000, 0x0000000084100000|  0%| F|  |TAMS 0x0000000084000000, 0x0000000084000000| Untracked 
|  25|0x0000000084100000, 0x0000000084100000, 0x0000000084200000|  0%| F|  |TAMS 0x0000000084100000, 0x0000000084100000| Untracked 
|  26|0x0000000084200000, 0x0000000084200000, 0x0000000084300000|  0%| F|  |TAMS 0x0000000084200000, 0x0000000084200000| Untracked 
|  27|0x0000000084300000, 0x0000000084300000, 0x0000000084400000|  0%| F|  |TAMS 0x0000000084300000, 0x0000000084300000| Untracked 
|  28|0x0000000084400000, 0x0000000084400000, 0x0000000084500000|  0%| F|  |TAMS 0x0000000084400000, 0x0000000084400000| Untracked 
|  29|0x0000000084500000, 0x0000000084500000, 0x0000000084600000|  0%| F|  |TAMS 0x0000000084500000, 0x0000000084500000| Untracked 
|  30|0x0000000084600000, 0x0000000084600000, 0x0000000084700000|  0%| F|  |TAMS 0x0000000084600000, 0x0000000084600000| Untracked 
|  31|0x0000000084700000, 0x0000000084700000, 0x0000000084800000|  0%| F|  |TAMS 0x0000000084700000, 0x0000000084700000| Untracked 
|  32|0x0000000084800000, 0x0000000084800000, 0x0000000084900000|  0%| F|  |TAMS 0x0000000084800000, 0x0000000084800000| Untracked 
|  33|0x0000000084900000, 0x0000000084900000, 0x0000000084a00000|  0%| F|  |TAMS 0x0000000084900000, 0x0000000084900000| Untracked 
|  34|0x0000000084a00000, 0x0000000084a00000, 0x0000000084b00000|  0%| F|  |TAMS 0x0000000084a00000, 0x0000000084a00000| Untracked 
|  35|0x0000000084b00000, 0x0000000084b00000, 0x0000000084c00000|  0%| F|  |TAMS 0x0000000084b00000, 0x0000000084b00000| Untracked 
|  36|0x0000000084c00000, 0x0000000084c00000, 0x0000000084d00000|  0%| F|  |TAMS 0x0000000084c00000, 0x0000000084c00000| Untracked 
|  37|0x0000000084d00000, 0x0000000084d00000, 0x0000000084e00000|  0%| F|  |TAMS 0x0000000084d00000, 0x0000000084d00000| Untracked 
|  38|0x0000000084e00000, 0x0000000084e00000, 0x0000000084f00000|  0%| F|  |TAMS 0x0000000084e00000, 0x0000000084e00000| Untracked 
|  39|0x0000000084f00000, 0x0000000084f00000, 0x0000000085000000|  0%| F|  |TAMS 0x0000000084f00000, 0x0000000084f00000| Untracked 
|  40|0x0000000085000000, 0x0000000085000000, 0x0000000085100000|  0%| F|  |TAMS 0x0000000085000000, 0x0000000085000000| Untracked 
|  41|0x0000000085100000, 0x0000000085100000, 0x0000000085200000|  0%| F|  |TAMS 0x0000000085100000, 0x0000000085100000| Untracked 
|  42|0x0000000085200000, 0x0000000085200000, 0x0000000085300000|  0%| F|  |TAMS 0x0000000085200000, 0x0000000085200000| Untracked 
|  43|0x0000000085300000, 0x0000000085300000, 0x0000000085400000|  0%| F|  |TAMS 0x0000000085300000, 0x0000000085300000| Untracked 
|  44|0x0000000085400000, 0x0000000085400000, 0x0000000085500000|  0%| F|  |TAMS 0x0000000085400000, 0x0000000085400000| Untracked 
|  45|0x0000000085500000, 0x0000000085500000, 0x0000000085600000|  0%| F|  |TAMS 0x0000000085500000, 0x0000000085500000| Untracked 
|  46|0x0000000085600000, 0x0000000085600000, 0x0000000085700000|  0%| F|  |TAMS 0x0000000085600000, 0x0000000085600000| Untracked 
|  47|0x0000000085700000, 0x0000000085700000, 0x0000000085800000|  0%| F|  |TAMS 0x0000000085700000, 0x0000000085700000| Untracked 
|  48|0x0000000085800000, 0x0000000085800000, 0x0000000085900000|  0%| F|  |TAMS 0x0000000085800000, 0x0000000085800000| Untracked 
|  49|0x0000000085900000, 0x0000000085900000, 0x0000000085a00000|  0%| F|  |TAMS 0x0000000085900000, 0x0000000085900000| Untracked 
|  50|0x0000000085a00000, 0x0000000085a00000, 0x0000000085b00000|  0%| F|  |TAMS 0x0000000085a00000, 0x0000000085a00000| Untracked 
|  51|0x0000000085b00000, 0x0000000085b00000, 0x0000000085c00000|  0%| F|  |TAMS 0x0000000085b00000, 0x0000000085b00000| Untracked 
|  52|0x0000000085c00000, 0x0000000085c00000, 0x0000000085d00000|  0%| F|  |TAMS 0x0000000085c00000, 0x0000000085c00000| Untracked 
|  53|0x0000000085d00000, 0x0000000085d00000, 0x0000000085e00000|  0%| F|  |TAMS 0x0000000085d00000, 0x0000000085d00000| Untracked 
|  54|0x0000000085e00000, 0x0000000085e00000, 0x0000000085f00000|  0%| F|  |TAMS 0x0000000085e00000, 0x0000000085e00000| Untracked 
|  55|0x0000000085f00000, 0x0000000085f00000, 0x0000000086000000|  0%| F|  |TAMS 0x0000000085f00000, 0x0000000085f00000| Untracked 
|  56|0x0000000086000000, 0x0000000086000000, 0x0000000086100000|  0%| F|  |TAMS 0x0000000086000000, 0x0000000086000000| Untracked 
|  57|0x0000000086100000, 0x0000000086100000, 0x0000000086200000|  0%| F|  |TAMS 0x0000000086100000, 0x0000000086100000| Untracked 
|  58|0x0000000086200000, 0x0000000086200000, 0x0000000086300000|  0%| F|  |TAMS 0x0000000086200000, 0x0000000086200000| Untracked 
|  59|0x0000000086300000, 0x0000000086300000, 0x0000000086400000|  0%| F|  |TAMS 0x0000000086300000, 0x0000000086300000| Untracked 
|  60|0x0000000086400000, 0x0000000086400000, 0x0000000086500000|  0%| F|  |TAMS 0x0000000086400000, 0x0000000086400000| Untracked 
|  61|0x0000000086500000, 0x0000000086500000, 0x0000000086600000|  0%| F|  |TAMS 0x0000000086500000, 0x0000000086500000| Untracked 
|  62|0x0000000086600000, 0x0000000086600000, 0x0000000086700000|  0%| F|  |TAMS 0x0000000086600000, 0x0000000086600000| Untracked 
|  63|0x0000000086700000, 0x0000000086700000, 0x0000000086800000|  0%| F|  |TAMS 0x0000000086700000, 0x0000000086700000| Untracked 
|  64|0x0000000086800000, 0x0000000086800000, 0x0000000086900000|  0%| F|  |TAMS 0x0000000086800000, 0x0000000086800000| Untracked 
|  65|0x0000000086900000, 0x0000000086900000, 0x0000000086a00000|  0%| F|  |TAMS 0x0000000086900000, 0x0000000086900000| Untracked 
|  66|0x0000000086a00000, 0x0000000086a00000, 0x0000000086b00000|  0%| F|  |TAMS 0x0000000086a00000, 0x0000000086a00000| Untracked 
|  67|0x0000000086b00000, 0x0000000086b00000, 0x0000000086c00000|  0%| F|  |TAMS 0x0000000086b00000, 0x0000000086b00000| Untracked 
|  68|0x0000000086c00000, 0x0000000086c00000, 0x0000000086d00000|  0%| F|  |TAMS 0x0000000086c00000, 0x0000000086c00000| Untracked 
|  69|0x0000000086d00000, 0x0000000086d00000, 0x0000000086e00000|  0%| F|  |TAMS 0x0000000086d00000, 0x0000000086d00000| Untracked 
|  70|0x0000000086e00000, 0x0000000086e00000, 0x0000000086f00000|  0%| F|  |TAMS 0x0000000086e00000, 0x0000000086e00000| Untracked 
|  71|0x0000000086f00000, 0x0000000086f00000, 0x0000000087000000|  0%| F|  |TAMS 0x0000000086f00000, 0x0000000086f00000| Untracked 
|  72|0x0000000087000000, 0x0000000087000000, 0x0000000087100000|  0%| F|  |TAMS 0x0000000087000000, 0x0000000087000000| Untracked 
|  73|0x0000000087100000, 0x0000000087100000, 0x0000000087200000|  0%| F|  |TAMS 0x0000000087100000, 0x0000000087100000| Untracked 
|  74|0x0000000087200000, 0x0000000087200000, 0x0000000087300000|  0%| F|  |TAMS 0x0000000087200000, 0x0000000087200000| Untracked 
|  75|0x0000000087300000, 0x0000000087300000, 0x0000000087400000|  0%| F|  |TAMS 0x0000000087300000, 0x0000000087300000| Untracked 
|  76|0x0000000087400000, 0x0000000087400000, 0x0000000087500000|  0%| F|  |TAMS 0x0000000087400000, 0x0000000087400000| Untracked 
|  77|0x0000000087500000, 0x0000000087500000, 0x0000000087600000|  0%| F|  |TAMS 0x0000000087500000, 0x0000000087500000| Untracked 
|  78|0x0000000087600000, 0x0000000087600000, 0x0000000087700000|  0%| F|  |TAMS 0x0000000087600000, 0x0000000087600000| Untracked 
|  79|0x0000000087700000, 0x0000000087700000, 0x0000000087800000|  0%| F|  |TAMS 0x0000000087700000, 0x0000000087700000| Untracked 
|  80|0x0000000087800000, 0x0000000087800000, 0x0000000087900000|  0%| F|  |TAMS 0x0000000087800000, 0x0000000087800000| Untracked 
|  81|0x0000000087900000, 0x0000000087900000, 0x0000000087a00000|  0%| F|  |TAMS 0x0000000087900000, 0x0000000087900000| Untracked 
|  82|0x0000000087a00000, 0x0000000087a00000, 0x0000000087b00000|  0%| F|  |TAMS 0x0000000087a00000, 0x0000000087a00000| Untracked 
|  83|0x0000000087b00000, 0x0000000087b00000, 0x0000000087c00000|  0%| F|  |TAMS 0x0000000087b00000, 0x0000000087b00000| Untracked 
|  84|0x0000000087c00000, 0x0000000087c00000, 0x0000000087d00000|  0%| F|  |TAMS 0x0000000087c00000, 0x0000000087c00000| Untracked 
|  85|0x0000000087d00000, 0x0000000087d00000, 0x0000000087e00000|  0%| F|  |TAMS 0x0000000087d00000, 0x0000000087d00000| Untracked 
|  86|0x0000000087e00000, 0x0000000087e00000, 0x0000000087f00000|  0%| F|  |TAMS 0x0000000087e00000, 0x0000000087e00000| Untracked 
|  87|0x0000000087f00000, 0x0000000087f00000, 0x0000000088000000|  0%| F|  |TAMS 0x0000000087f00000, 0x0000000087f00000| Untracked 
|  88|0x0000000088000000, 0x0000000088000000, 0x0000000088100000|  0%| F|  |TAMS 0x0000000088000000, 0x0000000088000000| Untracked 
|  89|0x0000000088100000, 0x0000000088100000, 0x0000000088200000|  0%| F|  |TAMS 0x0000000088100000, 0x0000000088100000| Untracked 
|  90|0x0000000088200000, 0x0000000088200000, 0x0000000088300000|  0%| F|  |TAMS 0x0000000088200000, 0x0000000088200000| Untracked 
|  91|0x0000000088300000, 0x0000000088300000, 0x0000000088400000|  0%| F|  |TAMS 0x0000000088300000, 0x0000000088300000| Untracked 
|  92|0x0000000088400000, 0x0000000088400000, 0x0000000088500000|  0%| F|  |TAMS 0x0000000088400000, 0x0000000088400000| Untracked 
|  93|0x0000000088500000, 0x0000000088500000, 0x0000000088600000|  0%| F|  |TAMS 0x0000000088500000, 0x0000000088500000| Untracked 
|  94|0x0000000088600000, 0x0000000088600000, 0x0000000088700000|  0%| F|  |TAMS 0x0000000088600000, 0x0000000088600000| Untracked 
|  95|0x0000000088700000, 0x0000000088700000, 0x0000000088800000|  0%| F|  |TAMS 0x0000000088700000, 0x0000000088700000| Untracked 
|  96|0x0000000088800000, 0x0000000088800000, 0x0000000088900000|  0%| F|  |TAMS 0x0000000088800000, 0x0000000088800000| Untracked 
|  97|0x0000000088900000, 0x0000000088900000, 0x0000000088a00000|  0%| F|  |TAMS 0x0000000088900000, 0x0000000088900000| Untracked 
|  98|0x0000000088a00000, 0x0000000088a00000, 0x0000000088b00000|  0%| F|  |TAMS 0x0000000088a00000, 0x0000000088a00000| Untracked 
|  99|0x0000000088b00000, 0x0000000088b00000, 0x0000000088c00000|  0%| F|  |TAMS 0x0000000088b00000, 0x0000000088b00000| Untracked 
| 100|0x0000000088c00000, 0x0000000088c00000, 0x0000000088d00000|  0%| F|  |TAMS 0x0000000088c00000, 0x0000000088c00000| Untracked 
| 101|0x0000000088d00000, 0x0000000088d00000, 0x0000000088e00000|  0%| F|  |TAMS 0x0000000088d00000, 0x0000000088d00000| Untracked 
| 102|0x0000000088e00000, 0x0000000088e00000, 0x0000000088f00000|  0%| F|  |TAMS 0x0000000088e00000, 0x0000000088e00000| Untracked 
| 103|0x0000000088f00000, 0x0000000088f00000, 0x0000000089000000|  0%| F|  |TAMS 0x0000000088f00000, 0x0000000088f00000| Untracked 
| 104|0x0000000089000000, 0x0000000089000000, 0x0000000089100000|  0%| F|  |TAMS 0x0000000089000000, 0x0000000089000000| Untracked 
| 105|0x0000000089100000, 0x0000000089100000, 0x0000000089200000|  0%| F|  |TAMS 0x0000000089100000, 0x0000000089100000| Untracked 
| 106|0x0000000089200000, 0x0000000089200000, 0x0000000089300000|  0%| F|  |TAMS 0x0000000089200000, 0x0000000089200000| Untracked 
| 107|0x0000000089300000, 0x0000000089300000, 0x0000000089400000|  0%| F|  |TAMS 0x0000000089300000, 0x0000000089300000| Untracked 
| 108|0x0000000089400000, 0x0000000089400000, 0x0000000089500000|  0%| F|  |TAMS 0x0000000089400000, 0x0000000089400000| Untracked 
| 109|0x0000000089500000, 0x0000000089500000, 0x0000000089600000|  0%| F|  |TAMS 0x0000000089500000, 0x0000000089500000| Untracked 
| 110|0x0000000089600000, 0x0000000089600000, 0x0000000089700000|  0%| F|  |TAMS 0x0000000089600000, 0x0000000089600000| Untracked 
| 111|0x0000000089700000, 0x0000000089700000, 0x0000000089800000|  0%| F|  |TAMS 0x0000000089700000, 0x0000000089700000| Untracked 
| 112|0x0000000089800000, 0x0000000089800000, 0x0000000089900000|  0%| F|  |TAMS 0x0000000089800000, 0x0000000089800000| Untracked 
| 113|0x0000000089900000, 0x0000000089900000, 0x0000000089a00000|  0%| F|  |TAMS 0x0000000089900000, 0x0000000089900000| Untracked 
| 114|0x0000000089a00000, 0x0000000089a00000, 0x0000000089b00000|  0%| F|  |TAMS 0x0000000089a00000, 0x0000000089a00000| Untracked 
| 115|0x0000000089b00000, 0x0000000089b00000, 0x0000000089c00000|  0%| F|  |TAMS 0x0000000089b00000, 0x0000000089b00000| Untracked 
| 116|0x0000000089c00000, 0x0000000089c00000, 0x0000000089d00000|  0%| F|  |TAMS 0x0000000089c00000, 0x0000000089c00000| Untracked 
| 117|0x0000000089d00000, 0x0000000089d00000, 0x0000000089e00000|  0%| F|  |TAMS 0x0000000089d00000, 0x0000000089d00000| Untracked 
| 118|0x0000000089e00000, 0x0000000089e00000, 0x0000000089f00000|  0%| F|  |TAMS 0x0000000089e00000, 0x0000000089e00000| Untracked 
| 119|0x0000000089f00000, 0x0000000089f00000, 0x000000008a000000|  0%| F|  |TAMS 0x0000000089f00000, 0x0000000089f00000| Untracked 
| 120|0x000000008a000000, 0x000000008a000000, 0x000000008a100000|  0%| F|  |TAMS 0x000000008a000000, 0x000000008a000000| Untracked 
| 121|0x000000008a100000, 0x000000008a100000, 0x000000008a200000|  0%| F|  |TAMS 0x000000008a100000, 0x000000008a100000| Untracked 
| 122|0x000000008a200000, 0x000000008a200000, 0x000000008a300000|  0%| F|  |TAMS 0x000000008a200000, 0x000000008a200000| Untracked 
| 123|0x000000008a300000, 0x000000008a3ec2c0, 0x000000008a400000| 92%| E|  |TAMS 0x000000008a300000, 0x000000008a300000| Complete 
| 124|0x000000008a400000, 0x000000008a500000, 0x000000008a500000|100%| E|CS|TAMS 0x000000008a400000, 0x000000008a400000| Complete 
| 125|0x000000008a500000, 0x000000008a600000, 0x000000008a600000|100%| E|CS|TAMS 0x000000008a500000, 0x000000008a500000| Complete 

Card table byte_map: [0x000001ffeb070000,0x000001ffeb460000] _byte_map_base: 0x000001ffeac5c000

Marking Bits (Prev, Next): (CMBitMap*) 0x000001ffd3a464c0, (CMBitMap*) 0x000001ffd3a46500
 Prev Bits: [0x000001ffeb850000, 0x000001ffed7b0000)
 Next Bits: [0x000001ffed7b0000, 0x000001ffef710000)

Polling page: 0x000001ffd19e0000

Metaspace:

Usage:
  Non-class:      6.20 MB used.
      Class:    558.54 KB used.
       Both:      6.75 MB used.

Virtual space:
  Non-class space:       64.00 MB reserved,       6.25 MB ( 10%) committed,  1 nodes.
      Class space:        1.00 GB reserved,     576.00 KB ( <1%) committed,  1 nodes.
             Both:        1.06 GB reserved,       6.81 MB ( <1%) committed. 

Chunk freelists:
   Non-Class:  1.01 MB
       Class:  3.24 MB
        Both:  4.25 MB

MaxMetaspaceSize: unlimited
CompressedClassSpaceSize: 1.00 GB
Initial GC threshold: 21.00 MB
Current GC threshold: 21.00 MB
CDS: off
MetaspaceReclaimPolicy: balanced
 - commit_granule_bytes: 65536.
 - commit_granule_words: 8192.
 - virtual_space_node_default_size: 8388608.
 - enlarge_chunks_in_place: 1.
 - new_chunks_are_fully_committed: 0.
 - uncommit_free_chunks: 1.
 - use_allocation_guard: 0.


Internal statistics:

num_allocs_failed_limit: 0.
num_arena_births: 8.
num_arena_deaths: 0.
num_vsnodes_births: 2.
num_vsnodes_deaths: 0.
num_space_committed: 109.
num_space_uncommitted: 0.
num_chunks_returned_to_freelist: 0.
num_chunks_taken_from_freelist: 23.
num_chunk_merges: 0.
num_chunk_splits: 8.
num_chunks_enlarged: 2.
num_inconsistent_stats: 0.

CodeHeap 'non-profiled nmethods': size=120000Kb used=71Kb max_used=71Kb free=119929Kb
 bounds [0x000001ffe3420000, 0x000001ffe3690000, 0x000001ffea950000]
CodeHeap 'profiled nmethods': size=120000Kb used=239Kb max_used=239Kb free=119760Kb
 bounds [0x000001ffdb950000, 0x000001ffdbbc0000, 0x000001ffe2e80000]
CodeHeap 'non-nmethods': size=5760Kb used=1191Kb max_used=1206Kb free=4568Kb
 bounds [0x000001ffe2e80000, 0x000001ffe30f0000, 0x000001ffe3420000]
 total_blobs=604 nmethods=219 adapters=296
 compilation: enabled
              stopped_count=0, restarted_count=0
 full_count=0

Compilation events (20 events):
Event: 0.140 Thread 0x000001ff8403f400 nmethod 213 0x000001ffdb986990 code [0x000001ffdb986b40, 0x000001ffdb986cf8]
Event: 0.140 Thread 0x000001ff8403f400  214       3       java.util.zip.ZipFile$Source::zipCoderForPos (39 bytes)
Event: 0.140 Thread 0x000001ff84264f40  218       4       java.util.zip.ZipCoder$UTF8ZipCoder::checkedHash (91 bytes)
Event: 0.140 Thread 0x000001ff84054890 nmethod 207 0x000001ffe3431310 code [0x000001ffe34314a0, 0x000001ffe3431558]
Event: 0.140 Thread 0x000001ff8403f400 nmethod 214 0x000001ffdb986e10 code [0x000001ffdb986fe0, 0x000001ffdb9873c8]
Event: 0.140 Thread 0x000001ff8403f400  215       3       java.util.zip.ZipFile$Source::isMetaName (141 bytes)
Event: 0.141 Thread 0x000001ff8403f400 nmethod 215 0x000001ffdb987590 code [0x000001ffdb987760, 0x000001ffdb987c78]
Event: 0.141 Thread 0x000001ff8403f400  216       3       java.util.zip.ZipFile$Source::nextEntryPos (22 bytes)
Event: 0.141 Thread 0x000001ff8403f400 nmethod 216 0x000001ffdb987e10 code [0x000001ffdb987fe0, 0x000001ffdb988318]
Event: 0.141 Thread 0x000001ff8403f400  217       3       java.util.zip.ZipUtils::CENEXT (9 bytes)
Event: 0.141 Thread 0x000001ff8403f400 nmethod 217 0x000001ffdb988510 code [0x000001ffdb9886c0, 0x000001ffdb988878]
Event: 0.141 Thread 0x000001ff8403f400  210   !   3       java.util.zip.ZipFile$Source::checkAndAddEntry (249 bytes)
Event: 0.142 Thread 0x000001ff8403f400 nmethod 210 0x000001ffdb988990 code [0x000001ffdb988d20, 0x000001ffdb98a368]
Event: 0.142 Thread 0x000001ff8403f400  212       3       java.util.zip.ZipUtils::CENHOW (9 bytes)
Event: 0.142 Thread 0x000001ff8403f400 nmethod 212 0x000001ffdb98b190 code [0x000001ffdb98b340, 0x000001ffdb98b4f8]
Event: 0.142 Thread 0x000001ff8403f400  211       3       java.util.zip.ZipUtils::CENSIG (8 bytes)
Event: 0.143 Thread 0x000001ff8403f400 nmethod 211 0x000001ffdb98b610 code [0x000001ffdb98b7c0, 0x000001ffdb98ba98]
Event: 0.144 Thread 0x000001ff84264f40 nmethod 218 0x000001ffe3431610 code [0x000001ffe34317a0, 0x000001ffe3431a78]
Event: 0.144 Thread 0x000001ff8403f400  219       3       java.lang.Math::max (11 bytes)
Event: 0.144 Thread 0x000001ff8403f400 nmethod 219 0x000001ffdb98bc10 code [0x000001ffdb98bda0, 0x000001ffdb98bed8]

GC Heap History (0 events):
No events

Dll operation events (5 events):
Event: 0.007 Loaded shared library C:\Program Files\Java\jdk-19\bin\java.dll
Event: 0.028 Loaded shared library C:\Program Files\Java\jdk-19\bin\jsvml.dll
Event: 0.106 Loaded shared library C:\Program Files\Java\jdk-19\bin\net.dll
Event: 0.108 Loaded shared library C:\Program Files\Java\jdk-19\bin\nio.dll
Event: 0.144 Loaded shared library C:\Program Files\Java\jdk-19\bin\zip.dll

Deoptimization events (4 events):
Event: 0.132 Thread 0x000001ffd39e5ee0 Uncommon trap: trap_request=0xffffff45 fr.pc=0x000001ffe342f848 relative=0x00000000000000a8
Event: 0.132 Thread 0x000001ffd39e5ee0 Uncommon trap: reason=unstable_if action=reinterpret pc=0x000001ffe342f848 method=java.lang.String.isLatin1()Z @ 10 c2
Event: 0.132 Thread 0x000001ffd39e5ee0 DEOPT PACKING pc=0x000001ffe342f848 sp=0x000000ee94cfee00
Event: 0.132 Thread 0x000001ffd39e5ee0 DEOPT UNPACKING pc=0x000001ffe2ee6da3 sp=0x000000ee94cfed40 mode 2

Classes loaded (20 events):
Event: 0.150 Loading class javax/swing/WindowConstants done
Event: 0.150 Loading class javax/accessibility/Accessible
Event: 0.150 Loading class javax/accessibility/Accessible done
Event: 0.150 Loading class javax/swing/RootPaneContainer
Event: 0.150 Loading class javax/swing/RootPaneContainer done
Event: 0.150 Loading class javax/swing/TransferHandler$HasGetTransferHandler
Event: 0.150 Loading class javax/swing/TransferHandler$HasGetTransferHandler done
Event: 0.150 Loading class java/awt/Frame
Event: 0.150 Loading class java/awt/MenuContainer
Event: 0.150 Loading class java/awt/MenuContainer done
Event: 0.150 Loading class java/awt/Window
Event: 0.150 Loading class java/awt/Container
Event: 0.151 Loading class java/awt/Component
Event: 0.151 Loading class java/awt/image/ImageObserver
Event: 0.151 Loading class java/awt/image/ImageObserver done
Event: 0.151 Loading class java/awt/Component done
Event: 0.151 Loading class java/awt/Container done
Event: 0.151 Loading class java/awt/Window done
Event: 0.151 Loading class java/awt/Frame done
Event: 0.152 Loading class javax/swing/JFrame done

Classes unloaded (0 events):
No events

Classes redefined (0 events):
No events

Internal exceptions (4 events):
Event: 0.109 Thread 0x000001ffd39e5ee0 Exception <a 'sun/nio/fs/WindowsException'{0x000000008a45eb48}> (0x000000008a45eb48) 
thrown [s\open\src\hotspot\share\prims\jni.cpp, line 517]
Event: 0.109 Thread 0x000001ffd39e5ee0 Exception <a 'sun/nio/fs/WindowsException'{0x000000008a45f0c0}> (0x000000008a45f0c0) 
thrown [s\open\src\hotspot\share\prims\jni.cpp, line 517]
Event: 0.111 Thread 0x000001ffd39e5ee0 Exception <a 'sun/nio/fs/WindowsException'{0x000000008a4614e8}> (0x000000008a4614e8) 
thrown [s\open\src\hotspot\share\prims\jni.cpp, line 517]
Event: 0.111 Thread 0x000001ffd39e5ee0 Exception <a 'sun/nio/fs/WindowsException'{0x000000008a461ff0}> (0x000000008a461ff0) 
thrown [s\open\src\hotspot\share\prims\jni.cpp, line 517]

VM Operations (2 events):
Event: 0.115 Executing VM operation: HandshakeAllThreads
Event: 0.115 Executing VM operation: HandshakeAllThreads done

Events (13 events):
Event: 0.028 Thread 0x000001ffd39e5ee0 Thread added: 0x000001ffd39e5ee0
Event: 0.048 Thread 0x000001fff218c760 Thread added: 0x000001fff218c760
Event: 0.048 Thread 0x000001fff218d290 Thread added: 0x000001fff218d290
Event: 0.049 Thread 0x000001ff8404e080 Thread added: 0x000001ff8404e080
Event: 0.049 Thread 0x000001ff840529d0 Thread added: 0x000001ff840529d0
Event: 0.049 Thread 0x000001ff84053300 Thread added: 0x000001ff84053300
Event: 0.049 Thread 0x000001ff84053c30 Thread added: 0x000001ff84053c30
Event: 0.049 Thread 0x000001ff84054890 Thread added: 0x000001ff84054890
Event: 0.049 Thread 0x000001ff8403f400 Thread added: 0x000001ff8403f400
Event: 0.049 Thread 0x000001ff84044ac0 Thread added: 0x000001ff84044ac0
Event: 0.089 Thread 0x000001ff841ecf60 Thread added: 0x000001ff841ecf60
Event: 0.120 Thread 0x000001ff84264f40 Thread added: 0x000001ff84264f40
Event: 0.125 Thread 0x000001ff843044f0 Thread added: 0x000001ff843044f0


Dynamic libraries:
0x00007ff636860000 - 0x00007ff636870000 	C:\Program Files\Java\jdk-19\bin\java.exe
0x00007ff9b4110000 - 0x00007ff9b4324000 	C:\WINDOWS\SYSTEM32\ntdll.dll
0x00007ff9b2720000 - 0x00007ff9b27e2000 	C:\WINDOWS\System32\KERNEL32.DLL
0x00007ff9b1620000 - 0x00007ff9b19c3000 	C:\WINDOWS\System32\KERNELBASE.dll
0x00007ff9b1d20000 - 0x00007ff9b1e31000 	C:\WINDOWS\System32\ucrtbase.dll
0x00007ff9ac4d0000 - 0x00007ff9ac4e8000 	C:\Program Files\Java\jdk-19\bin\jli.dll
0x00007ff9a5de0000 - 0x00007ff9a5dfb000 	C:\Program Files\Java\jdk-19\bin\VCRUNTIME140.dll
0x00007ff9b3ef0000 - 0x00007ff9b3f9e000 	C:\WINDOWS\System32\ADVAPI32.dll
0x00007ff9b2400000 - 0x00007ff9b24a7000 	C:\WINDOWS\System32\msvcrt.dll
0x00007ff9b2340000 - 0x00007ff9b23e4000 	C:\WINDOWS\System32\sechost.dll
0x00007ff9b2080000 - 0x00007ff9b2197000 	C:\WINDOWS\System32\RPCRT4.dll
0x00007ff9b3680000 - 0x00007ff9b382a000 	C:\WINDOWS\System32\USER32.dll
0x00007ff9971f0000 - 0x00007ff99747e000 	C:\WINDOWS\WinSxS\amd64_microsoft.windows.common-controls_6595b64144ccf1df_6.0.22621.1635_none_270f70857386168e\COMCTL32.dll
0x00007ff9b1e40000 - 0x00007ff9b1e66000 	C:\WINDOWS\System32\win32u.dll
0x00007ff9b2050000 - 0x00007ff9b2079000 	C:\WINDOWS\System32\GDI32.dll
0x00007ff9b1c00000 - 0x00007ff9b1d19000 	C:\WINDOWS\System32\gdi32full.dll
0x00007ff9b1510000 - 0x00007ff9b15aa000 	C:\WINDOWS\System32\msvcp_win.dll
0x00007ff9a3820000 - 0x00007ff9a382a000 	C:\WINDOWS\SYSTEM32\VERSION.dll
0x00007ff9b26e0000 - 0x00007ff9b2711000 	C:\WINDOWS\System32\IMM32.DLL
0x00007ff9ac840000 - 0x00007ff9ac84c000 	C:\Program Files\Java\jdk-19\bin\vcruntime140_1.dll
0x00007ff9380e0000 - 0x00007ff93816e000 	C:\Program Files\Java\jdk-19\bin\msvcp140.dll
0x00007ff9383f0000 - 0x00007ff9390b0000 	C:\Program Files\Java\jdk-19\bin\server\jvm.dll
0x00007ff98fae0000 - 0x00007ff98fae9000 	C:\WINDOWS\SYSTEM32\WSOCK32.dll
0x00007ff9aa850000 - 0x00007ff9aa884000 	C:\WINDOWS\SYSTEM32\WINMM.dll
0x00007ff9b27f0000 - 0x00007ff9b2861000 	C:\WINDOWS\System32\WS2_32.dll
0x00007ff9b0550000 - 0x00007ff9b0568000 	C:\WINDOWS\SYSTEM32\kernel.appcore.dll
0x00007ff9a5dd0000 - 0x00007ff9a5dda000 	C:\Program Files\Java\jdk-19\bin\jimage.dll
0x00007ff9ac610000 - 0x00007ff9ac83e000 	C:\WINDOWS\SYSTEM32\DBGHELP.DLL
0x00007ff9b3b60000 - 0x00007ff9b3ee9000 	C:\WINDOWS\System32\combase.dll
0x00007ff9b2890000 - 0x00007ff9b2967000 	C:\WINDOWS\System32\OLEAUT32.dll
0x00007ff9ac5d0000 - 0x00007ff9ac602000 	C:\WINDOWS\SYSTEM32\dbgcore.DLL
0x00007ff9b1e70000 - 0x00007ff9b1eea000 	C:\WINDOWS\System32\bcryptPrimitives.dll
0x00007ff99ff50000 - 0x00007ff99ff76000 	C:\Program Files\Java\jdk-19\bin\java.dll
0x00007ff938310000 - 0x00007ff9383e7000 	C:\Program Files\Java\jdk-19\bin\jsvml.dll
0x00007ff9b29e0000 - 0x00007ff9b31d9000 	C:\WINDOWS\System32\SHELL32.dll
0x00007ff9af500000 - 0x00007ff9afdce000 	C:\WINDOWS\SYSTEM32\windows.storage.dll
0x00007ff9af3c0000 - 0x00007ff9af4fe000 	C:\WINDOWS\SYSTEM32\wintypes.dll
0x00007ff9b3a60000 - 0x00007ff9b3b51000 	C:\WINDOWS\System32\SHCORE.dll
0x00007ff9b2980000 - 0x00007ff9b29de000 	C:\WINDOWS\System32\shlwapi.dll
0x00007ff9b1440000 - 0x00007ff9b1466000 	C:\WINDOWS\SYSTEM32\profapi.dll
0x00007ff9a0790000 - 0x00007ff9a07a3000 	C:\Program Files\Java\jdk-19\bin\net.dll
0x00007ff9ac0f0000 - 0x00007ff9ac227000 	C:\WINDOWS\SYSTEM32\WINHTTP.dll
0x00007ff9b09d0000 - 0x00007ff9b0a39000 	C:\WINDOWS\system32\mswsock.dll
0x00007ff957cc0000 - 0x00007ff957cd6000 	C:\Program Files\Java\jdk-19\bin\nio.dll
0x00007ff93a6c0000 - 0x00007ff93a6d8000 	C:\Program Files\Java\jdk-19\bin\zip.dll

dbghelp: loaded successfully - version: 4.0.5 - missing functions: none
symbol engine: initialized successfully - sym options: 0x614 - pdb path: .;C:\Program Files\Java\jdk-19\bin;C:\WINDOWS\SYSTEM32;C:\WINDOWS\WinSxS\amd64_microsoft.windows.common-controls_6595b64144ccf1df_6.0.22621.1635_none_270f70857386168e;C:\Program Files\Java\jdk-19\bin\server

VM Arguments:
jvm_args: -Dfile.encoding=UTF-8 --module-path=C:\Users\Home\Documents\NetBeansProjects\Hotel Management System\build\classes 
java_command: hotel.management.system.AddRoom
java_class_path (initial): E:\Himanshu\terna\sem 6\miscellaneous\project2\mysql-connector-java-8.0.28.jar;C:\Users\Home\Documents\NetBeansProjects\Hotel Management System\build\classes
Launcher Type: SUN_STANDARD

[Global flags]
     intx CICompilerCount                          = 4                                         {product} {ergonomic}
     uint ConcGCThreads                            = 2                                         {product} {ergonomic}
     uint G1ConcRefinementThreads                  = 8                                         {product} {ergonomic}
   size_t G1HeapRegionSize                         = 1048576                                   {product} {ergonomic}
    uintx GCDrainStackTargetSize                   = 64                                        {product} {ergonomic}
   size_t InitialHeapSize                          = 132120576                                 {product} {ergonomic}
   size_t MarkStackSize                            = 4194304                                   {product} {ergonomic}
   size_t MaxHeapSize                              = 2105540608                                {product} {ergonomic}
   size_t MaxNewSize                               = 1262485504                                {product} {ergonomic}
   size_t MinHeapDeltaBytes                        = 1048576                                   {product} {ergonomic}
   size_t MinHeapSize                              = 8388608                                   {product} {ergonomic}
    uintx NonNMethodCodeHeapSize                   = 5839372                                {pd product} {ergonomic}
    uintx NonProfiledCodeHeapSize                  = 122909434                              {pd product} {ergonomic}
    uintx ProfiledCodeHeapSize                     = 122909434                              {pd product} {ergonomic}
    uintx ReservedCodeCacheSize                    = 251658240                              {pd product} {ergonomic}
     bool SegmentedCodeCache                       = true                                      {product} {ergonomic}
   size_t SoftMaxHeapSize                          = 2105540608                             {manageable} {ergonomic}
     bool UseCompressedClassPointers               = true                           {product lp64_product} {ergonomic}
     bool UseCompressedOops                        = true                           {product lp64_product} {ergonomic}
     bool UseG1GC                                  = true                                      {product} {ergonomic}
     bool UseLargePagesIndividualAllocation        = false                                  {pd product} {ergonomic}

Logging:
Log output configuration:
 #0: stdout all=warning uptime,level,tags foldmultilines=false
 #1: stderr all=off uptime,level,tags foldmultilines=false

Environment Variables:
PATH=C:\Program Files\Common Files\Oracle\Java\javapath;C:\Program Files (x86)\Common Files\Intel\Shared Libraries\redist\intel64\compiler;C:\WINDOWS\system32;C:\WINDOWS;C:\WINDOWS\System32\Wbem;C:\WINDOWS\System32\WindowsPowerShell\v1.0\;C:\WINDOWS\System32\OpenSSH\;C:\Program Files\Intel\WiFi\bin\;C:\Program Files\Common Files\Intel\WirelessCommon\;C:\Program Files\MySQL\MySQL Shell 8.0\bin\;C:\Users\Home\AppData\Local\Microsoft\WindowsApps;C:\Users\Home\AppData\Local\Programs\Microsoft VS Code\bin;
USERNAME=Home
OS=Windows_NT
PROCESSOR_IDENTIFIER=Intel64 Family 6 Model 142 Stepping 12, GenuineIntel
TMP=C:\Users\Home\AppData\Local\Temp
TEMP=C:\Users\Home\AppData\Local\Temp



---------------  S Y S T E M  ---------------

OS:
 Windows 11 , 64 bit Build 22621 (10.0.22621.1928)
OS uptime: 5 days 0:55 hours

CPU: total 8 (initial active 8) (4 cores per cpu, 2 threads per core) family 6 model 142 stepping 12 microcode 0xde, cx8, cmov, fxsr, ht, mmx, 3dnowpref, sse, sse2, sse3, ssse3, sse4.1, sse4.2, popcnt, lzcnt, tsc, tscinvbit, avx, avx2, aes, erms, clmul, bmi1, bmi2, adx, fma, vzeroupper, clflush, clflushopt, rdtscp

Memory: 4k page, system-wide physical 8027M (820M free)
TotalPageFile size 32603M (AvailPageFile size 4M)
current process WorkingSet (physical memory assigned to process): 34M, peak: 34M
current process commit charge ("private bytes"): 205M, peak: 205M

vm_info: Java HotSpot(TM) 64-Bit Server VM (19.0.1+10-21) for windows-amd64 JRE (19.0.1+10-21), built on 2022-09-14T12:45:06Z by "mach5one" with MS VC++ 17.1 (VS2022)

END.
