#
# There is insufficient memory for the Java Runtime Environment to continue.
# Native memory allocation (mmap) failed to map 132120576 bytes for G1 virtual space
# Possible reasons:
#   The system is out of physical RAM or swap space
#   The process is running with CompressedOops enabled, and the Java Heap may be blocking the growth of the native heap
# Possible solutions:
#   Reduce memory load on the system
#   Increase physical memory or swap space
#   Check if swap backing store is full
#   Decrease Java heap size (-Xmx/-Xms)
#   Decrease number of Java threads
#   Decrease Java thread stack sizes (-Xss)
#   Set larger code cache with -XX:ReservedCodeCacheSize=
#   JVM is running with Unscaled Compressed Oops mode in which the Java heap is
#     placed in the first 4GB address space. The Java Heap base address is the
#     maximum limit for the native heap growth. Please use -XX:HeapBaseMinAddress
#     to set the Java Heap base and to place the Java Heap above 4GB virtual address.
# This output file may be truncated or incomplete.
#
#  Out of Memory Error (os_windows.cpp:3527), pid=28532, tid=25996
#
# JRE version:  (19.0.1+10) (build )
# Java VM: Java HotSpot(TM) 64-Bit Server VM (19.0.1+10-21, mixed mode, sharing, tiered, compressed oops, compressed class ptrs, g1 gc, windows-amd64)
# No core dump will be written. Minidumps are not enabled by default on client versions of Windows
#

---------------  S U M M A R Y ------------

Command Line: -Dfile.encoding=UTF-8 --module-path=C:\Users\Home\Documents\NetBeansProjects\Hotel Management System\build\classes hotel.management.system.AddRoom

Host: Intel(R) Core(TM) i5-10210U CPU @ 1.60GHz, 8 cores, 7G,  Windows 11 , 64 bit Build 22621 (10.0.22621.1928)
Time: Mon Aug 21 19:40:08 2023 India Standard Time elapsed time: 0.042308 seconds (0d 0h 0m 0s)

---------------  T H R E A D  ---------------

Current thread (0x000001a9d2bb6100):  JavaThread "Unknown thread" [_thread_in_vm, id=25996, stack(0x00000028a1400000,0x00000028a1500000)]

Stack: [0x00000028a1400000,0x00000028a1500000]
Native frames: (J=compiled Java code, j=interpreted, Vv=VM code, C=native code)
V  [jvm.dll+0x6ee8fa]
V  [jvm.dll+0x857a1e]
V  [jvm.dll+0x85940e]
V  [jvm.dll+0x859ac3]
V  [jvm.dll+0x28291f]
V  [jvm.dll+0x6eb6e9]
V  [jvm.dll+0x6e028a]
V  [jvm.dll+0x357136]
V  [jvm.dll+0x35eb96]
V  [jvm.dll+0x3b555e]
V  [jvm.dll+0x3b578f]
V  [jvm.dll+0x32c6ea]
V  [jvm.dll+0x32d59e]
V  [jvm.dll+0x821b20]
V  [jvm.dll+0x3c27c1]
V  [jvm.dll+0x8022f1]
V  [jvm.dll+0x44b30f]
V  [jvm.dll+0x44cc91]
C  [jli.dll+0x5287]
C  [ucrtbase.dll+0x29363]
C  [KERNEL32.DLL+0x126ad]
C  [ntdll.dll+0x5aa68]


---------------  P R O C E S S  ---------------

Threads class SMR info:
_java_thread_list=0x00007ff938f6d048, length=0, elements={
}

Java Threads: ( => current thread )

Other Threads:
  0x000001a9d2c17fd0 WorkerThread "GC Thread#0" [stack: 0x00000028a1500000,0x00000028a1600000] [id=26632]
  0x000001a9d2c28940 ConcurrentGCThread "G1 Main Marker" [stack: 0x00000028a1600000,0x00000028a1700000] [id=17228]
  0x000001a9d2c29580 WorkerThread "G1 Conc#0" [stack: 0x00000028a1700000,0x00000028a1800000] [id=26892]

[error occurred during error reporting (printing all threads), id 0xc0000005, EXCEPTION_ACCESS_VIOLATION (0xc0000005) at pc=0x00007ff93872d127]

VM state: not at safepoint (not fully initialized)

VM Mutex/Monitor currently owned by a thread:  ([mutex/lock_event])
[0x000001a9d2bb2a90] Heap_lock - owner thread: 0x000001a9d2bb6100

Heap address: 0x0000000082800000, size: 2008 MB, Compressed Oops mode: 32-bit

CDS archive(s) mapped at: [0x0000000000000000-0x0000000000000000-0x0000000000000000), size 0, SharedBaseAddress: 0x0000000800000000, ArchiveRelocationMode: 0.
Narrow klass base: 0x0000000000000000, Narrow klass shift: 0, Narrow klass range: 0x0

GC Precious Log:
 CardTable entry size: 512
 Card Set container configuration: InlinePtr #cards 5 size 8 Array Of Cards #cards 12 size 40 Howl #buckets 4 coarsen threshold 1843 Howl Bitmap #cards 512 size 80 coarsen threshold 460 Card regions per heap region 1 cards per card region 2048

Heap:
 garbage-first heap   total 0K, used 0K [0x0000000082800000, 0x0000000100000000)
  region size 1024K, 0 young (0K), 0 survivors (0K)

[error occurred during error reporting (printing heap information), id 0xc0000005, EXCEPTION_ACCESS_VIOLATION (0xc0000005) at pc=0x00007ff938b36959]

GC Heap History (0 events):
No events

Dll operation events (1 events):
Event: 0.028 Loaded shared library C:\Program Files\Java\jdk-19\bin\java.dll

Deoptimization events (0 events):
No events

Classes loaded (0 events):
No events

Classes unloaded (0 events):
No events

Classes redefined (0 events):
No events

Internal exceptions (0 events):
No events

VM Operations (0 events):
No events

Events (0 events):
No events


Dynamic libraries:
0x00007ff636860000 - 0x00007ff636870000 	C:\Program Files\Java\jdk-19\bin\java.exe
0x00007ff9b4110000 - 0x00007ff9b4324000 	C:\WINDOWS\SYSTEM32\ntdll.dll
0x00007ff9b2720000 - 0x00007ff9b27e2000 	C:\WINDOWS\System32\KERNEL32.DLL
0x00007ff9b1620000 - 0x00007ff9b19c3000 	C:\WINDOWS\System32\KERNELBASE.dll
0x00007ff9b1d20000 - 0x00007ff9b1e31000 	C:\WINDOWS\System32\ucrtbase.dll
0x00007ff9ac4d0000 - 0x00007ff9ac4e8000 	C:\Program Files\Java\jdk-19\bin\jli.dll
0x00007ff9a5de0000 - 0x00007ff9a5dfb000 	C:\Program Files\Java\jdk-19\bin\VCRUNTIME140.dll
0x00007ff9b3ef0000 - 0x00007ff9b3f9e000 	C:\WINDOWS\System32\ADVAPI32.dll
0x00007ff9b2400000 - 0x00007ff9b24a7000 	C:\WINDOWS\System32\msvcrt.dll
0x00007ff9b2340000 - 0x00007ff9b23e4000 	C:\WINDOWS\System32\sechost.dll
0x00007ff9b2080000 - 0x00007ff9b2197000 	C:\WINDOWS\System32\RPCRT4.dll
0x00007ff9b3680000 - 0x00007ff9b382a000 	C:\WINDOWS\System32\USER32.dll
0x00007ff9971f0000 - 0x00007ff99747e000 	C:\WINDOWS\WinSxS\amd64_microsoft.windows.common-controls_6595b64144ccf1df_6.0.22621.1635_none_270f70857386168e\COMCTL32.dll
0x00007ff9b1e40000 - 0x00007ff9b1e66000 	C:\WINDOWS\System32\win32u.dll
0x00007ff9b2050000 - 0x00007ff9b2079000 	C:\WINDOWS\System32\GDI32.dll
0x00007ff9b1c00000 - 0x00007ff9b1d19000 	C:\WINDOWS\System32\gdi32full.dll
0x00007ff9a3820000 - 0x00007ff9a382a000 	C:\WINDOWS\SYSTEM32\VERSION.dll
0x00007ff9b1510000 - 0x00007ff9b15aa000 	C:\WINDOWS\System32\msvcp_win.dll
0x00007ff9b26e0000 - 0x00007ff9b2711000 	C:\WINDOWS\System32\IMM32.DLL
0x00007ff9ac840000 - 0x00007ff9ac84c000 	C:\Program Files\Java\jdk-19\bin\vcruntime140_1.dll
0x00007ff9380e0000 - 0x00007ff93816e000 	C:\Program Files\Java\jdk-19\bin\msvcp140.dll
0x00007ff9383f0000 - 0x00007ff9390b0000 	C:\Program Files\Java\jdk-19\bin\server\jvm.dll
0x00007ff98fae0000 - 0x00007ff98fae9000 	C:\WINDOWS\SYSTEM32\WSOCK32.dll
0x00007ff9aa850000 - 0x00007ff9aa884000 	C:\WINDOWS\SYSTEM32\WINMM.dll
0x00007ff9b27f0000 - 0x00007ff9b2861000 	C:\WINDOWS\System32\WS2_32.dll
0x00007ff9b0550000 - 0x00007ff9b0568000 	C:\WINDOWS\SYSTEM32\kernel.appcore.dll
0x00007ff9a5dd0000 - 0x00007ff9a5dda000 	C:\Program Files\Java\jdk-19\bin\jimage.dll
0x00007ff9ac610000 - 0x00007ff9ac83e000 	C:\WINDOWS\SYSTEM32\DBGHELP.DLL
0x00007ff9b3b60000 - 0x00007ff9b3ee9000 	C:\WINDOWS\System32\combase.dll
0x00007ff9b2890000 - 0x00007ff9b2967000 	C:\WINDOWS\System32\OLEAUT32.dll
0x00007ff9ac5d0000 - 0x00007ff9ac602000 	C:\WINDOWS\SYSTEM32\dbgcore.DLL
0x00007ff9b1e70000 - 0x00007ff9b1eea000 	C:\WINDOWS\System32\bcryptPrimitives.dll
0x00007ff99ff50000 - 0x00007ff99ff76000 	C:\Program Files\Java\jdk-19\bin\java.dll

dbghelp: loaded successfully - version: 4.0.5 - missing functions: none
symbol engine: initialized successfully - sym options: 0x614 - pdb path: .;C:\Program Files\Java\jdk-19\bin;C:\WINDOWS\SYSTEM32;C:\WINDOWS\WinSxS\amd64_microsoft.windows.common-controls_6595b64144ccf1df_6.0.22621.1635_none_270f70857386168e;C:\Program Files\Java\jdk-19\bin\server

VM Arguments:
jvm_args: -Dfile.encoding=UTF-8 --module-path=C:\Users\Home\Documents\NetBeansProjects\Hotel Management System\build\classes 
java_command: hotel.management.system.AddRoom
java_class_path (initial): E:\Himanshu\terna\sem 6\miscellaneous\project2\mysql-connector-java-8.0.28.jar;C:\Users\Home\Documents\NetBeansProjects\Hotel Management System\build\classes
Launcher Type: SUN_STANDARD

[Global flags]
     intx CICompilerCount                          = 4                                         {product} {ergonomic}
     uint ConcGCThreads                            = 2                                         {product} {ergonomic}
     uint G1ConcRefinementThreads                  = 8                                         {product} {ergonomic}
   size_t G1HeapRegionSize                         = 1048576                                   {product} {ergonomic}
    uintx GCDrainStackTargetSize                   = 64                                        {product} {ergonomic}
   size_t InitialHeapSize                          = 132120576                                 {product} {ergonomic}
   size_t MarkStackSize                            = 4194304                                   {product} {ergonomic}
   size_t MaxHeapSize                              = 2105540608                                {product} {ergonomic}
   size_t MinHeapDeltaBytes                        = 1048576                                   {product} {ergonomic}
   size_t MinHeapSize                              = 8388608                                   {product} {ergonomic}
    uintx NonNMethodCodeHeapSize                   = 5839372                                {pd product} {ergonomic}
    uintx NonProfiledCodeHeapSize                  = 122909434                              {pd product} {ergonomic}
    uintx ProfiledCodeHeapSize                     = 122909434                              {pd product} {ergonomic}
    uintx ReservedCodeCacheSize                    = 251658240                              {pd product} {ergonomic}
     bool SegmentedCodeCache                       = true                                      {product} {ergonomic}
   size_t SoftMaxHeapSize                          = 2105540608                             {manageable} {ergonomic}
     bool UseCompressedClassPointers               = true                           {product lp64_product} {ergonomic}
     bool UseCompressedOops                        = true                           {product lp64_product} {ergonomic}
     bool UseG1GC                                  = true                                      {product} {ergonomic}
     bool UseLargePagesIndividualAllocation        = false                                  {pd product} {ergonomic}

Logging:
Log output configuration:
 #0: stdout all=warning uptime,level,tags foldmultilines=false
 #1: stderr all=off uptime,level,tags foldmultilines=false

Environment Variables:
PATH=C:\Program Files\Common Files\Oracle\Java\javapath;C:\Program Files (x86)\Common Files\Intel\Shared Libraries\redist\intel64\compiler;C:\WINDOWS\system32;C:\WINDOWS;C:\WINDOWS\System32\Wbem;C:\WINDOWS\System32\WindowsPowerShell\v1.0\;C:\WINDOWS\System32\OpenSSH\;C:\Program Files\Intel\WiFi\bin\;C:\Program Files\Common Files\Intel\WirelessCommon\;C:\Program Files\MySQL\MySQL Shell 8.0\bin\;C:\Users\Home\AppData\Local\Microsoft\WindowsApps;C:\Users\Home\AppData\Local\Programs\Microsoft VS Code\bin;
USERNAME=Home
OS=Windows_NT
PROCESSOR_IDENTIFIER=Intel64 Family 6 Model 142 Stepping 12, GenuineIntel
TMP=C:\Users\Home\AppData\Local\Temp
TEMP=C:\Users\Home\AppData\Local\Temp



---------------  S Y S T E M  ---------------

OS:
 Windows 11 , 64 bit Build 22621 (10.0.22621.1928)
OS uptime: 5 days 0:53 hours

CPU: total 8 (initial active 8) (4 cores per cpu, 2 threads per core) family 6 model 142 stepping 12 microcode 0xde, cx8, cmov, fxsr, ht, mmx, 3dnowpref, sse, sse2, sse3, ssse3, sse4.1, sse4.2, popcnt, lzcnt, tsc, tscinvbit, avx, avx2, aes, erms, clmul, bmi1, bmi2, adx, fma, vzeroupper, clflush, clflushopt, rdtscp

Memory: 4k page, system-wide physical 8027M (732M free)
TotalPageFile size 32603M (AvailPageFile size 21M)
current process WorkingSet (physical memory assigned to process): 11M, peak: 11M
current process commit charge ("private bytes"): 60M, peak: 186M

vm_info: Java HotSpot(TM) 64-Bit Server VM (19.0.1+10-21) for windows-amd64 JRE (19.0.1+10-21), built on 2022-09-14T12:45:06Z by "mach5one" with MS VC++ 17.1 (VS2022)

END.
