#
# There is insufficient memory for the Java Runtime Environment to continue.
# Native memory allocation (mmap) failed to map 132120576 bytes for G1 virtual space
# Possible reasons:
#   The system is out of physical RAM or swap space
#   The process is running with CompressedOops enabled, and the Java Heap may be blocking the growth of the native heap
# Possible solutions:
#   Reduce memory load on the system
#   Increase physical memory or swap space
#   Check if swap backing store is full
#   Decrease Java heap size (-Xmx/-Xms)
#   Decrease number of Java threads
#   Decrease Java thread stack sizes (-Xss)
#   Set larger code cache with -XX:ReservedCodeCacheSize=
#   JVM is running with Unscaled Compressed Oops mode in which the Java heap is
#     placed in the first 4GB address space. The Java Heap base address is the
#     maximum limit for the native heap growth. Please use -XX:HeapBaseMinAddress
#     to set the Java Heap base and to place the Java Heap above 4GB virtual address.
# This output file may be truncated or incomplete.
#
#  Out of Memory Error (os_windows.cpp:3527), pid=25464, tid=25844
#
# JRE version:  (19.0.1+10) (build )
# Java VM: Java HotSpot(TM) 64-Bit Server VM (19.0.1+10-21, mixed mode, sharing, tiered, compressed oops, compressed class ptrs, g1 gc, windows-amd64)
# No core dump will be written. Minidumps are not enabled by default on client versions of Windows
#

---------------  S U M M A R Y ------------

Command Line: -Dfile.encoding=UTF-8 --module-path=C:\Users\Home\Documents\NetBeansProjects\Hotel Management System\build\classes hotel.management.system.AddDriver

Host: Intel(R) Core(TM) i5-10210U CPU @ 1.60GHz, 8 cores, 7G,  Windows 11 , 64 bit Build 22621 (10.0.22621.2070)
Time: Fri Aug 25 14:17:51 2023 India Standard Time elapsed time: 0.016551 seconds (0d 0h 0m 0s)

---------------  T H R E A D  ---------------

Current thread (0x00000246dc887480):  JavaThread "Unknown thread" [_thread_in_vm, id=25844, stack(0x0000008bec600000,0x0000008bec700000)]

Stack: [0x0000008bec600000,0x0000008bec700000]
Native frames: (J=compiled Java code, j=interpreted, Vv=VM code, C=native code)
V  [jvm.dll+0x6ee8fa]
V  [jvm.dll+0x857a1e]
V  [jvm.dll+0x85940e]
V  [jvm.dll+0x859ac3]
V  [jvm.dll+0x28291f]
V  [jvm.dll+0x6eb6e9]
V  [jvm.dll+0x6e028a]
V  [jvm.dll+0x357136]
V  [jvm.dll+0x35eb96]
V  [jvm.dll+0x3b555e]
V  [jvm.dll+0x3b578f]
V  [jvm.dll+0x32c6ea]
V  [jvm.dll+0x32d59e]
V  [jvm.dll+0x821b20]
V  [jvm.dll+0x3c27c1]
V  [jvm.dll+0x8022f1]
V  [jvm.dll+0x44b30f]
V  [jvm.dll+0x44cc91]
C  [jli.dll+0x5287]
C  [ucrtbase.dll+0x29363]
C  [KERNEL32.DLL+0x126ad]
C  [ntdll.dll+0x5aa68]


---------------  P R O C E S S  ---------------

Threads class SMR info:
_java_thread_list=0x00007ffce062d048, length=0, elements={
}

Java Threads: ( => current thread )

Other Threads:
  0x00000246dc8e7360 WorkerThread "GC Thread#0" [stack: 0x0000008bec700000,0x0000008bec800000] [id=24880]
  0x00000246dc8f80c0 ConcurrentGCThread "G1 Main Marker" [stack: 0x0000008bec800000,0x0000008bec900000] [id=1452]
  0x00000246dc8f9290 WorkerThread "G1 Conc#0" [stack: 0x0000008bec900000,0x0000008beca00000] [id=25964]

[error occurred during error reporting (printing all threads), id 0xc0000005, EXCEPTION_ACCESS_VIOLATION (0xc0000005) at pc=0x00007ffcdfded127]

VM state: not at safepoint (not fully initialized)

VM Mutex/Monitor currently owned by a thread:  ([mutex/lock_event])
[0x00000246dc884b00] Heap_lock - owner thread: 0x00000246dc887480

Heap address: 0x0000000082800000, size: 2008 MB, Compressed Oops mode: 32-bit

CDS archive(s) mapped at: [0x0000000000000000-0x0000000000000000-0x0000000000000000), size 0, SharedBaseAddress: 0x0000000800000000, ArchiveRelocationMode: 0.
Narrow klass base: 0x0000000000000000, Narrow klass shift: 0, Narrow klass range: 0x0

GC Precious Log:
 CardTable entry size: 512
 Card Set container configuration: InlinePtr #cards 5 size 8 Array Of Cards #cards 12 size 40 Howl #buckets 4 coarsen threshold 1843 Howl Bitmap #cards 512 size 80 coarsen threshold 460 Card regions per heap region 1 cards per card region 2048

Heap:
 garbage-first heap   total 0K, used 0K [0x0000000082800000, 0x0000000100000000)
  region size 1024K, 0 young (0K), 0 survivors (0K)

[error occurred during error reporting (printing heap information), id 0xc0000005, EXCEPTION_ACCESS_VIOLATION (0xc0000005) at pc=0x00007ffce01f6959]

GC Heap History (0 events):
No events

Dll operation events (1 events):
Event: 0.010 Loaded shared library C:\Program Files\Java\jdk-19\bin\java.dll

Deoptimization events (0 events):
No events

Classes loaded (0 events):
No events

Classes unloaded (0 events):
No events

Classes redefined (0 events):
No events

Internal exceptions (0 events):
No events

VM Operations (0 events):
No events

Events (0 events):
No events


Dynamic libraries:
0x00007ff6f7220000 - 0x00007ff6f7230000 	C:\Program Files\Java\jdk-19\bin\java.exe
0x00007ffd5e150000 - 0x00007ffd5e364000 	C:\WINDOWS\SYSTEM32\ntdll.dll
0x00007ffd5d4f0000 - 0x00007ffd5d5b4000 	C:\WINDOWS\System32\KERNEL32.DLL
0x00007ffd5b530000 - 0x00007ffd5b8d4000 	C:\WINDOWS\System32\KERNELBASE.dll
0x00007ffd5bdf0000 - 0x00007ffd5bf01000 	C:\WINDOWS\System32\ucrtbase.dll
0x00007ffd56780000 - 0x00007ffd56798000 	C:\Program Files\Java\jdk-19\bin\jli.dll
0x00007ffd4d8f0000 - 0x00007ffd4d90b000 	C:\Program Files\Java\jdk-19\bin\VCRUNTIME140.dll
0x00007ffd5df60000 - 0x00007ffd5e010000 	C:\WINDOWS\System32\ADVAPI32.dll
0x00007ffd5bf70000 - 0x00007ffd5c017000 	C:\WINDOWS\System32\msvcrt.dll
0x00007ffd5c7e0000 - 0x00007ffd5c886000 	C:\WINDOWS\System32\sechost.dll
0x00007ffd5c100000 - 0x00007ffd5c217000 	C:\WINDOWS\System32\RPCRT4.dll
0x00007ffd5c230000 - 0x00007ffd5c3da000 	C:\WINDOWS\System32\USER32.dll
0x00007ffd3f740000 - 0x00007ffd3f9cf000 	C:\WINDOWS\WinSxS\amd64_microsoft.windows.common-controls_6595b64144ccf1df_6.0.22621.2070_none_2713e6537381f706\COMCTL32.dll
0x00007ffd5bd40000 - 0x00007ffd5bd66000 	C:\WINDOWS\System32\win32u.dll
0x00007ffd5c3e0000 - 0x00007ffd5c409000 	C:\WINDOWS\System32\GDI32.dll
0x00007ffd5bc20000 - 0x00007ffd5bd39000 	C:\WINDOWS\System32\gdi32full.dll
0x00007ffd5bb80000 - 0x00007ffd5bc1a000 	C:\WINDOWS\System32\msvcp_win.dll
0x00007ffd4ebe0000 - 0x00007ffd4ebea000 	C:\WINDOWS\SYSTEM32\VERSION.dll
0x00007ffd5cb90000 - 0x00007ffd5cbc1000 	C:\WINDOWS\System32\IMM32.DLL
0x00007ffd565e0000 - 0x00007ffd565ec000 	C:\Program Files\Java\jdk-19\bin\vcruntime140_1.dll
0x00007ffd4c170000 - 0x00007ffd4c1fe000 	C:\Program Files\Java\jdk-19\bin\msvcp140.dll
0x00007ffcdfab0000 - 0x00007ffce0770000 	C:\Program Files\Java\jdk-19\bin\server\jvm.dll
0x00007ffd54c60000 - 0x00007ffd54c94000 	C:\WINDOWS\SYSTEM32\WINMM.dll
0x00007ffd46270000 - 0x00007ffd46279000 	C:\WINDOWS\SYSTEM32\WSOCK32.dll
0x00007ffd5d5c0000 - 0x00007ffd5d631000 	C:\WINDOWS\System32\WS2_32.dll
0x00007ffd5a570000 - 0x00007ffd5a588000 	C:\WINDOWS\SYSTEM32\kernel.appcore.dll
0x00007ffd4d330000 - 0x00007ffd4d33a000 	C:\Program Files\Java\jdk-19\bin\jimage.dll
0x00007ffd49260000 - 0x00007ffd4948e000 	C:\WINDOWS\SYSTEM32\DBGHELP.DLL
0x00007ffd5cc50000 - 0x00007ffd5cfda000 	C:\WINDOWS\System32\combase.dll
0x00007ffd5c020000 - 0x00007ffd5c0f7000 	C:\WINDOWS\System32\OLEAUT32.dll
0x00007ffd47d90000 - 0x00007ffd47dc2000 	C:\WINDOWS\SYSTEM32\dbgcore.DLL
0x00007ffd5bd70000 - 0x00007ffd5bdea000 	C:\WINDOWS\System32\bcryptPrimitives.dll
0x00007ffd2f200000 - 0x00007ffd2f226000 	C:\Program Files\Java\jdk-19\bin\java.dll

dbghelp: loaded successfully - version: 4.0.5 - missing functions: none
symbol engine: initialized successfully - sym options: 0x614 - pdb path: .;C:\Program Files\Java\jdk-19\bin;C:\WINDOWS\SYSTEM32;C:\WINDOWS\WinSxS\amd64_microsoft.windows.common-controls_6595b64144ccf1df_6.0.22621.2070_none_2713e6537381f706;C:\Program Files\Java\jdk-19\bin\server

VM Arguments:
jvm_args: -Dfile.encoding=UTF-8 --module-path=C:\Users\Home\Documents\NetBeansProjects\Hotel Management System\build\classes 
java_command: hotel.management.system.AddDriver
java_class_path (initial): E:\Himanshu\terna\sem 6\miscellaneous\project2\mysql-connector-java-8.0.28.jar;E:\Himanshu\terna\sem 6\miscellaneous\project2\rs2xml.jar;C:\Users\Home\Documents\NetBeansProjects\Hotel Management System\build\classes
Launcher Type: SUN_STANDARD

[Global flags]
     intx CICompilerCount                          = 4                                         {product} {ergonomic}
     uint ConcGCThreads                            = 2                                         {product} {ergonomic}
     uint G1ConcRefinementThreads                  = 8                                         {product} {ergonomic}
   size_t G1HeapRegionSize                         = 1048576                                   {product} {ergonomic}
    uintx GCDrainStackTargetSize                   = 64                                        {product} {ergonomic}
   size_t InitialHeapSize                          = 132120576                                 {product} {ergonomic}
   size_t MarkStackSize                            = 4194304                                   {product} {ergonomic}
   size_t MaxHeapSize                              = 2105540608                                {product} {ergonomic}
   size_t MinHeapDeltaBytes                        = 1048576                                   {product} {ergonomic}
   size_t MinHeapSize                              = 8388608                                   {product} {ergonomic}
    uintx NonNMethodCodeHeapSize                   = 5839372                                {pd product} {ergonomic}
    uintx NonProfiledCodeHeapSize                  = 122909434                              {pd product} {ergonomic}
    uintx ProfiledCodeHeapSize                     = 122909434                              {pd product} {ergonomic}
    uintx ReservedCodeCacheSize                    = 251658240                              {pd product} {ergonomic}
     bool SegmentedCodeCache                       = true                                      {product} {ergonomic}
   size_t SoftMaxHeapSize                          = 2105540608                             {manageable} {ergonomic}
     bool UseCompressedClassPointers               = true                           {product lp64_product} {ergonomic}
     bool UseCompressedOops                        = true                           {product lp64_product} {ergonomic}
     bool UseG1GC                                  = true                                      {product} {ergonomic}
     bool UseLargePagesIndividualAllocation        = false                                  {pd product} {ergonomic}

Logging:
Log output configuration:
 #0: stdout all=warning uptime,level,tags foldmultilines=false
 #1: stderr all=off uptime,level,tags foldmultilines=false

Environment Variables:
PATH=C:\Program Files\Common Files\Oracle\Java\javapath;C:\Program Files (x86)\Common Files\Intel\Shared Libraries\redist\intel64\compiler;C:\WINDOWS\system32;C:\WINDOWS;C:\WINDOWS\System32\Wbem;C:\WINDOWS\System32\WindowsPowerShell\v1.0\;C:\WINDOWS\System32\OpenSSH\;C:\Program Files\Intel\WiFi\bin\;C:\Program Files\Common Files\Intel\WirelessCommon\;C:\Program Files\MySQL\MySQL Shell 8.0\bin\;C:\Users\Home\AppData\Local\Microsoft\WindowsApps;C:\Users\Home\AppData\Local\Programs\Microsoft VS Code\bin;
USERNAME=Home
OS=Windows_NT
PROCESSOR_IDENTIFIER=Intel64 Family 6 Model 142 Stepping 12, GenuineIntel
TMP=C:\Users\Home\AppData\Local\Temp
TEMP=C:\Users\Home\AppData\Local\Temp



---------------  S Y S T E M  ---------------

OS:
 Windows 11 , 64 bit Build 22621 (10.0.22621.2070)
OS uptime: 2 days 16:37 hours

CPU: total 8 (initial active 8) (4 cores per cpu, 2 threads per core) family 6 model 142 stepping 12 microcode 0xde, cx8, cmov, fxsr, ht, mmx, 3dnowpref, sse, sse2, sse3, ssse3, sse4.1, sse4.2, popcnt, lzcnt, tsc, tscinvbit, avx, avx2, aes, erms, clmul, bmi1, bmi2, adx, fma, vzeroupper, clflush, clflushopt, rdtscp

Memory: 4k page, system-wide physical 8027M (398M free)
TotalPageFile size 32603M (AvailPageFile size 112M)
current process WorkingSet (physical memory assigned to process): 11M, peak: 11M
current process commit charge ("private bytes"): 60M, peak: 186M

vm_info: Java HotSpot(TM) 64-Bit Server VM (19.0.1+10-21) for windows-amd64 JRE (19.0.1+10-21), built on 2022-09-14T12:45:06Z by "mach5one" with MS VC++ 17.1 (VS2022)

END.
